18:00:54.773 INFO - Selenium build info: version: '3.0.0', revision: '350cf60'
18:00:54.774 INFO - Launching a standalone Selenium Server
2016-10-18 18:00:54.792:INFO::main: Logging initialized @220ms
18:00:54.838 INFO - Driver provider org.openqa.selenium.ie.InternetExplorerDriver registration is skipped:
 registration capabilities Capabilities [{ensureCleanSession=true, browserName=internet explorer, version=, platform=WINDOWS}] does not match the current platform MAC
18:00:54.839 INFO - Driver provider org.openqa.selenium.edge.EdgeDriver registration is skipped:
 registration capabilities Capabilities [{browserName=MicrosoftEdge, version=, platform=WINDOWS}] does not match the current platform MAC
18:00:54.839 INFO - Driver class not found: com.opera.core.systems.OperaDriver
18:00:54.839 INFO - Driver provider com.opera.core.systems.OperaDriver registration is skipped:
Unable to create new instances on this machine.
18:00:54.839 INFO - Driver class not found: com.opera.core.systems.OperaDriver
18:00:54.839 INFO - Driver provider com.opera.core.systems.OperaDriver is not registered
2016-10-18 18:00:54.868:INFO:osjs.Server:main: jetty-9.2.15.v20160210
2016-10-18 18:00:54.888:INFO:osjsh.ContextHandler:main: Started o.s.j.s.ServletContextHandler@5d5eef3d{/,null,AVAILABLE}
2016-10-18 18:00:54.914:INFO:osjs.ServerConnector:main: Started ServerConnector@1593948d{HTTP/1.1}{0.0.0.0:4444}
2016-10-18 18:00:54.914:INFO:osjs.Server:main: Started @343ms
18:00:54.914 INFO - Selenium Server is up and running
18:00:55.084 INFO - SessionCleaner initialized with insideBrowserTimeout 0 and clientGoneTimeout 1800000 polling every 180000
18:00:55.109 INFO - Executing: [new session: Capabilities [{acceptSslCerts=true, marionette=true, name=Blog, browserName=firefox, javascriptEnabled=true, platform=ANY}]])
18:00:55.120 INFO - Creating a new session for Capabilities [{acceptSslCerts=true, marionette=true, name=Blog, browserName=firefox, javascriptEnabled=true, platform=ANY}]
1476810055316	geckodriver	INFO	Listening on 127.0.0.1:2353
18:00:55.343 INFO - Attempting bi-dialect session, assuming Postel's Law holds true on the remote end
1476810055370	mozprofile::profile	INFO	Using profile path /var/folders/rp/_k6sdwhs1dv_50s0k2x447340000gn/T/rust_mozprofile.FFEqEqEjH0n8
1476810055374	geckodriver::marionette	INFO	Starting browser /Applications/Firefox.app/Contents/MacOS/firefox-bin
1476810055390	geckodriver::marionette	INFO	Connecting to Marionette on localhost:59676
[warn] kq_init: detected broken kqueue; not using.: Undefined error: 0
1476810055638	addons.manager	DEBUG	Application has been upgraded
1476810055671	addons.manager	DEBUG	Loaded provider scope for resource://gre/modules/addons/XPIProvider.jsm: ["XPIProvider"]
1476810055673	addons.manager	DEBUG	Loaded provider scope for resource://gre/modules/LightweightThemeManager.jsm: ["LightweightThemeManager"]
1476810055678	addons.manager	DEBUG	Loaded provider scope for resource://gre/modules/addons/GMPProvider.jsm
1476810055680	addons.manager	DEBUG	Loaded provider scope for resource://gre/modules/addons/PluginProvider.jsm
1476810055680	addons.manager	DEBUG	Starting provider: XPIProvider
1476810055680	addons.xpi	DEBUG	startup
1476810055681	addons.xpi	INFO	SystemAddonInstallLocation directory is missing
1476810055682	addons.xpi	INFO	Mapping e10srollout@mozilla.org to /Applications/Firefox.app/Contents/Resources/browser/features/e10srollout@mozilla.org.xpi
1476810055682	addons.xpi	INFO	Mapping firefox@getpocket.com to /Applications/Firefox.app/Contents/Resources/browser/features/firefox@getpocket.com.xpi
1476810055682	addons.xpi	INFO	Mapping webcompat@mozilla.org to /Applications/Firefox.app/Contents/Resources/browser/features/webcompat@mozilla.org.xpi
1476810055683	addons.xpi	INFO	Mapping {972ce4c6-7e08-4474-a285-3208198ce6fd} to /Applications/Firefox.app/Contents/Resources/browser/extensions/{972ce4c6-7e08-4474-a285-3208198ce6fd}.xpi
1476810055683	addons.xpi	DEBUG	checkForChanges
1476810055684	addons.xpi	DEBUG	Loaded add-on state from prefs: {}
1476810055685	addons.xpi	DEBUG	New add-on e10srollout@mozilla.org in app-system-defaults
1476810055685	addons.xpi	DEBUG	getModTime: Recursive scan of e10srollout@mozilla.org
1476810055685	addons.xpi	DEBUG	New add-on firefox@getpocket.com in app-system-defaults
1476810055686	addons.xpi	DEBUG	getModTime: Recursive scan of firefox@getpocket.com
1476810055686	addons.xpi	DEBUG	New add-on webcompat@mozilla.org in app-system-defaults
1476810055686	addons.xpi	DEBUG	getModTime: Recursive scan of webcompat@mozilla.org
1476810055687	addons.xpi	DEBUG	New add-on {972ce4c6-7e08-4474-a285-3208198ce6fd} in app-global
1476810055687	addons.xpi	DEBUG	getModTime: Recursive scan of {972ce4c6-7e08-4474-a285-3208198ce6fd}
1476810055687	addons.xpi	DEBUG	getInstallState changed: true, state: {"app-system-defaults":{"e10srollout@mozilla.org":{"d":"/Applications/Firefox.app/Contents/Resources/browser/features/e10srollout@mozilla.org.xpi","st":1474577603000},"firefox@getpocket.com":{"d":"/Applications/Firefox.app/Contents/Resources/browser/features/firefox@getpocket.com.xpi","st":1474577603000},"webcompat@mozilla.org":{"d":"/Applications/Firefox.app/Contents/Resources/browser/features/webcompat@mozilla.org.xpi","st":1474577603000}},"app-global":{"{972ce4c6-7e08-4474-a285-3208198ce6fd}":{"d":"/Applications/Firefox.app/Contents/Resources/browser/extensions/{972ce4c6-7e08-4474-a285-3208198ce6fd}.xpi","st":1474577603000}}}
1476810055694	addons.xpi-utils	DEBUG	Opening XPI database /var/folders/rp/_k6sdwhs1dv_50s0k2x447340000gn/T/rust_mozprofile.FFEqEqEjH0n8/extensions.json
1476810055695	addons.xpi-utils	DEBUG	New add-on e10srollout@mozilla.org installed in app-system-defaults
*** Blocklist::_loadBlocklistFromFile: blocklist is disabled
1476810055705	DeferredSave.extensions.json	DEBUG	Save changes
1476810055706	addons.xpi-utils	DEBUG	New add-on firefox@getpocket.com installed in app-system-defaults
1476810055710	DeferredSave.extensions.json	DEBUG	Starting timer
1476810055711	DeferredSave.extensions.json	DEBUG	Save changes
1476810055712	addons.xpi-utils	DEBUG	New add-on webcompat@mozilla.org installed in app-system-defaults
1476810055716	DeferredSave.extensions.json	DEBUG	Save changes
1476810055717	addons.xpi-utils	DEBUG	New add-on {972ce4c6-7e08-4474-a285-3208198ce6fd} installed in app-global
1476810055721	DeferredSave.extensions.json	DEBUG	Save changes
1476810055726	addons.xpi	DEBUG	Loading bootstrap scope from /Applications/Firefox.app/Contents/Resources/browser/features/e10srollout@mozilla.org.xpi
1476810055735	addons.xpi	DEBUG	Calling bootstrap method install on e10srollout@mozilla.org version 1.2
1476810055736	addons.xpi-utils	DEBUG	Make addon app-system-defaults:e10srollout@mozilla.org visible
1476810055736	DeferredSave.extensions.json	DEBUG	Save changes
1476810055737	addons.xpi	DEBUG	Loading bootstrap scope from /Applications/Firefox.app/Contents/Resources/browser/features/firefox@getpocket.com.xpi
1476810055739	addons.xpi	DEBUG	Calling bootstrap method install on firefox@getpocket.com version 1.0.4
1476810055739	addons.xpi-utils	DEBUG	Make addon app-system-defaults:firefox@getpocket.com visible
1476810055739	DeferredSave.extensions.json	DEBUG	Save changes
1476810055740	addons.xpi	DEBUG	Loading bootstrap scope from /Applications/Firefox.app/Contents/Resources/browser/features/webcompat@mozilla.org.xpi
1476810055741	addons.xpi	DEBUG	Calling bootstrap method install on webcompat@mozilla.org version 1.0
1476810055741	addons.xpi-utils	DEBUG	Make addon app-system-defaults:webcompat@mozilla.org visible
1476810055742	DeferredSave.extensions.json	DEBUG	Save changes
1476810055742	addons.xpi-utils	DEBUG	Make addon app-global:{972ce4c6-7e08-4474-a285-3208198ce6fd} visible
1476810055742	DeferredSave.extensions.json	DEBUG	Save changes
1476810055742	addons.xpi	DEBUG	Updating XPIState for {"id":"e10srollout@mozilla.org","syncGUID":"buSDg2RAL3TB","location":"app-system-defaults","version":"1.2","type":"extension","internalName":null,"updateURL":null,"updateKey":null,"optionsURL":null,"optionsType":null,"aboutURL":null,"icons":{},"iconURL":null,"icon64URL":null,"defaultLocale":{"name":"Multi-process staged rollout","description":"Staged rollout of Firefox multi-process feature.","creator":null,"homepageURL":null},"visible":true,"active":true,"userDisabled":false,"appDisabled":false,"descriptor":"/Applications/Firefox.app/Contents/Resources/browser/features/e10srollout@mozilla.org.xpi","installDate":1474577603000,"updateDate":1474577603000,"applyBackgroundUpdates":1,"bootstrap":true,"skinnable":false,"size":5716,"sourceURI":null,"releaseNotesURI":null,"softDisabled":false,"foreignInstall":false,"hasBinaryComponents":false,"strictCompatibility":false,"locales":[],"targetApplications":[{"id":"{ec8030f7-c20a-464f-9b0e-13a3a9e97384}","minVersion":"49.0.1","maxVersion":"49.*"}],"targetPlatforms":[],"multiprocessCompatible":false,"seen":true}
1476810055742	addons.xpi	DEBUG	getModTime: Recursive scan of e10srollout@mozilla.org
1476810055743	addons.xpi	DEBUG	Updating XPIState for {"id":"firefox@getpocket.com","syncGUID":"_W0TtROKxNSJ","location":"app-system-defaults","version":"1.0.4","type":"extension","internalName":null,"updateURL":null,"updateKey":null,"optionsURL":null,"optionsType":null,"aboutURL":null,"icons":{},"iconURL":null,"icon64URL":null,"defaultLocale":{"name":"Pocket","description":"When you find something you want to view later, put it in Pocket.","creator":null,"homepageURL":null},"visible":true,"active":true,"userDisabled":false,"appDisabled":false,"descriptor":"/Applications/Firefox.app/Contents/Resources/browser/features/firefox@getpocket.com.xpi","installDate":1474577603000,"updateDate":1474577603000,"applyBackgroundUpdates":1,"bootstrap":true,"skinnable":false,"size":895234,"sourceURI":null,"releaseNotesURI":null,"softDisabled":false,"foreignInstall":false,"hasBinaryComponents":false,"strictCompatibility":false,"locales":[],"targetApplications":[{"id":"{ec8030f7-c20a-464f-9b0e-13a3a9e97384}","minVersion":"49.0.1","maxVersion":"49.*"}],"targetPlatforms":[],"multiprocessCompatible":false,"seen":true}
1476810055743	addons.xpi	DEBUG	getModTime: Recursive scan of firefox@getpocket.com
1476810055744	addons.xpi	DEBUG	Updating XPIState for {"id":"webcompat@mozilla.org","syncGUID":"Cwy_CsSUMT3C","location":"app-system-defaults","version":"1.0","type":"extension","internalName":null,"updateURL":null,"updateKey":null,"optionsURL":null,"optionsType":null,"aboutURL":null,"icons":{},"iconURL":null,"icon64URL":null,"defaultLocale":{"name":"Web Compat","description":"Urgent post-release fixes for web compatibility.","creator":null,"homepageURL":null},"visible":true,"active":true,"userDisabled":false,"appDisabled":false,"descriptor":"/Applications/Firefox.app/Contents/Resources/browser/features/webcompat@mozilla.org.xpi","installDate":1474577603000,"updateDate":1474577603000,"applyBackgroundUpdates":1,"bootstrap":true,"skinnable":false,"size":1502,"sourceURI":null,"releaseNotesURI":null,"softDisabled":false,"foreignInstall":false,"hasBinaryComponents":false,"strictCompatibility":false,"locales":[],"targetApplications":[{"id":"{ec8030f7-c20a-464f-9b0e-13a3a9e97384}","minVersion":"49.0.1","maxVersion":"49.*"}],"targetPlatforms":[],"multiprocessCompatible":false,"seen":true}
1476810055744	addons.xpi	DEBUG	getModTime: Recursive scan of webcompat@mozilla.org
1476810055744	addons.xpi	DEBUG	Updating XPIState for {"id":"{972ce4c6-7e08-4474-a285-3208198ce6fd}","syncGUID":"-NfL15rZaSPJ","location":"app-global","version":"49.0.1","type":"theme","internalName":"classic/1.0","updateURL":null,"updateKey":null,"optionsURL":null,"optionsType":null,"aboutURL":null,"icons":{"32":"icon.png","48":"icon.png"},"iconURL":null,"icon64URL":null,"defaultLocale":{"name":"Default","description":"The default theme.","creator":"Mozilla","homepageURL":null,"contributors":["Mozilla Contributors"]},"visible":true,"active":true,"userDisabled":false,"appDisabled":false,"descriptor":"/Applications/Firefox.app/Contents/Resources/browser/extensions/{972ce4c6-7e08-4474-a285-3208198ce6fd}.xpi","installDate":1474577603000,"updateDate":1474577603000,"applyBackgroundUpdates":1,"skinnable":true,"size":7140,"sourceURI":null,"releaseNotesURI":null,"softDisabled":false,"foreignInstall":false,"hasBinaryComponents":false,"strictCompatibility":true,"locales":[],"targetApplications":[{"id":"{ec8030f7-c20a-464f-9b0e-13a3a9e97384}","minVersion":"49.0.1","maxVersion":"49.0.1"}],"targetPlatforms":[],"seen":true}
1476810055744	addons.xpi	DEBUG	getModTime: Recursive scan of {972ce4c6-7e08-4474-a285-3208198ce6fd}
1476810055745	DeferredSave.extensions.json	DEBUG	Save changes
1476810055745	addons.xpi	DEBUG	Updating database with changes to installed add-ons
1476810055745	addons.xpi-utils	DEBUG	Updating add-on states
1476810055746	addons.xpi-utils	DEBUG	Writing add-ons list
1476810055747	addons.xpi	DEBUG	Registering manifest for /Applications/Firefox.app/Contents/Resources/browser/features/e10srollout@mozilla.org.xpi
1476810055747	addons.xpi	DEBUG	Calling bootstrap method startup on e10srollout@mozilla.org version 1.2
1476810055747	addons.xpi	DEBUG	Registering manifest for /Applications/Firefox.app/Contents/Resources/browser/features/firefox@getpocket.com.xpi
1476810055747	addons.xpi	DEBUG	Calling bootstrap method startup on firefox@getpocket.com version 1.0.4
1476810055748	addons.xpi	DEBUG	Registering manifest for /Applications/Firefox.app/Contents/Resources/browser/features/webcompat@mozilla.org.xpi
1476810055748	addons.xpi	DEBUG	Calling bootstrap method startup on webcompat@mozilla.org version 1.0
1476810055750	addons.manager	DEBUG	Registering shutdown blocker for XPIProvider
1476810055751	addons.manager	DEBUG	Provider finished startup: XPIProvider
1476810055751	addons.manager	DEBUG	Starting provider: LightweightThemeManager
1476810055751	addons.manager	DEBUG	Registering shutdown blocker for LightweightThemeManager
1476810055751	addons.manager	DEBUG	Provider finished startup: LightweightThemeManager
1476810055751	addons.manager	DEBUG	Starting provider: GMPProvider
1476810055758	addons.manager	DEBUG	Registering shutdown blocker for GMPProvider
1476810055758	addons.manager	DEBUG	Provider finished startup: GMPProvider
1476810055758	addons.manager	DEBUG	Starting provider: PluginProvider
1476810055758	addons.manager	DEBUG	Registering shutdown blocker for PluginProvider
1476810055758	addons.manager	DEBUG	Provider finished startup: PluginProvider
1476810055759	addons.manager	DEBUG	Completed startup sequence
1476810055883	Marionette	INFO	Listening on port 59676
1476810056032	addons.manager	DEBUG	Starting provider: <unnamed-provider>
1476810056032	addons.manager	DEBUG	Registering shutdown blocker for <unnamed-provider>
1476810056032	addons.manager	DEBUG	Provider finished startup: <unnamed-provider>
1476810056061	addons.manager	DEBUG	Starting provider: PreviousExperimentProvider
1476810056061	addons.manager	DEBUG	Registering shutdown blocker for PreviousExperimentProvider
1476810056061	addons.manager	DEBUG	Provider finished startup: PreviousExperimentProvider
1476810056064	DeferredSave.extensions.json	DEBUG	Starting write
1476810056171	DeferredSave.extensions.json	DEBUG	Write succeeded
1476810056172	addons.xpi-utils	DEBUG	XPI Database saved, setting schema version preference to 17
1476810056848	Marionette	INFO	startBrowser 9a748926-e757-e04c-8e72-14a594dd3245
18:00:57.002 INFO - Detected dialect: W3C
18:00:57.016 INFO - Done: [new session: Capabilities [{acceptSslCerts=true, marionette=true, name=Blog, firefoxOptions=org.openqa.selenium.firefox.FirefoxOptions@76192ee9, browserName=firefox, javascriptEnabled=true, moz:firefoxOptions=org.openqa.selenium.firefox.FirefoxOptions@76192ee9, platform=ANY}]]
18:00:57.031 INFO - Executing: [get: http://localhost:6060])
[warn] kq_init: detected broken kqueue; not using.: Undefined error: 0
18:00:58.542 INFO - Done: [get: http://localhost:6060]
18:00:59.559 INFO - Executing: [find elements: By.cssSelector: [data-automation-id=Page]])
18:00:59.579 INFO - Done: [find elements: By.cssSelector: [data-automation-id=Page]]
18:00:59.585 INFO - Executing: [get title])
18:00:59.592 INFO - Done: [get title]
18:00:59.597 INFO - Executing: [delete session: 22c11cb0-f11e-4586-a9d2-9230ad8dccd7])
[Child 90767] ###!!! ABORT: Aborting on channel error.: file /builds/slave/m-rel-m64-00000000000000000000/build/src/ipc/glue/MessageChannel.cpp, line 2052
[Child 90767] ###!!! ABORT: Aborting on channel error.: file /builds/slave/m-rel-m64-00000000000000000000/build/src/ipc/glue/MessageChannel.cpp, line 2052
18:00:59.718 INFO - Done: [delete session: 22c11cb0-f11e-4586-a9d2-9230ad8dccd7]
18:00:59.736 INFO - Executing: [new session: Capabilities [{acceptSslCerts=true, marionette=true, name=Blog, browserName=firefox, javascriptEnabled=true, platform=ANY}]])
18:00:59.737 INFO - Creating a new session for Capabilities [{acceptSslCerts=true, marionette=true, name=Blog, browserName=firefox, javascriptEnabled=true, platform=ANY}]
1476810059780	geckodriver	INFO	Listening on 127.0.0.1:17544
18:00:59.800 INFO - Attempting bi-dialect session, assuming Postel's Law holds true on the remote end
1476810059802	mozprofile::profile	INFO	Using profile path /var/folders/rp/_k6sdwhs1dv_50s0k2x447340000gn/T/rust_mozprofile.JxyOAbIu80cK
1476810059813	geckodriver::marionette	INFO	Starting browser /Applications/Firefox.app/Contents/MacOS/firefox-bin
1476810059821	geckodriver::marionette	INFO	Connecting to Marionette on localhost:59782
[warn] kq_init: detected broken kqueue; not using.: Undefined error: 0
1476810060004	addons.manager	DEBUG	Application has been upgraded
1476810060020	addons.manager	DEBUG	Loaded provider scope for resource://gre/modules/addons/XPIProvider.jsm: ["XPIProvider"]
1476810060021	addons.manager	DEBUG	Loaded provider scope for resource://gre/modules/LightweightThemeManager.jsm: ["LightweightThemeManager"]
1476810060025	addons.manager	DEBUG	Loaded provider scope for resource://gre/modules/addons/GMPProvider.jsm
1476810060027	addons.manager	DEBUG	Loaded provider scope for resource://gre/modules/addons/PluginProvider.jsm
1476810060027	addons.manager	DEBUG	Starting provider: XPIProvider
1476810060028	addons.xpi	DEBUG	startup
1476810060028	addons.xpi	INFO	SystemAddonInstallLocation directory is missing
1476810060029	addons.xpi	INFO	Mapping e10srollout@mozilla.org to /Applications/Firefox.app/Contents/Resources/browser/features/e10srollout@mozilla.org.xpi
1476810060029	addons.xpi	INFO	Mapping firefox@getpocket.com to /Applications/Firefox.app/Contents/Resources/browser/features/firefox@getpocket.com.xpi
1476810060029	addons.xpi	INFO	Mapping webcompat@mozilla.org to /Applications/Firefox.app/Contents/Resources/browser/features/webcompat@mozilla.org.xpi
1476810060030	addons.xpi	INFO	Mapping {972ce4c6-7e08-4474-a285-3208198ce6fd} to /Applications/Firefox.app/Contents/Resources/browser/extensions/{972ce4c6-7e08-4474-a285-3208198ce6fd}.xpi
1476810060030	addons.xpi	DEBUG	checkForChanges
1476810060031	addons.xpi	DEBUG	Loaded add-on state from prefs: {}
1476810060031	addons.xpi	DEBUG	New add-on e10srollout@mozilla.org in app-system-defaults
1476810060032	addons.xpi	DEBUG	getModTime: Recursive scan of e10srollout@mozilla.org
1476810060032	addons.xpi	DEBUG	New add-on firefox@getpocket.com in app-system-defaults
1476810060033	addons.xpi	DEBUG	getModTime: Recursive scan of firefox@getpocket.com
1476810060033	addons.xpi	DEBUG	New add-on webcompat@mozilla.org in app-system-defaults
1476810060033	addons.xpi	DEBUG	getModTime: Recursive scan of webcompat@mozilla.org
1476810060033	addons.xpi	DEBUG	New add-on {972ce4c6-7e08-4474-a285-3208198ce6fd} in app-global
1476810060034	addons.xpi	DEBUG	getModTime: Recursive scan of {972ce4c6-7e08-4474-a285-3208198ce6fd}
1476810060034	addons.xpi	DEBUG	getInstallState changed: true, state: {"app-system-defaults":{"e10srollout@mozilla.org":{"d":"/Applications/Firefox.app/Contents/Resources/browser/features/e10srollout@mozilla.org.xpi","st":1474577603000},"firefox@getpocket.com":{"d":"/Applications/Firefox.app/Contents/Resources/browser/features/firefox@getpocket.com.xpi","st":1474577603000},"webcompat@mozilla.org":{"d":"/Applications/Firefox.app/Contents/Resources/browser/features/webcompat@mozilla.org.xpi","st":1474577603000}},"app-global":{"{972ce4c6-7e08-4474-a285-3208198ce6fd}":{"d":"/Applications/Firefox.app/Contents/Resources/browser/extensions/{972ce4c6-7e08-4474-a285-3208198ce6fd}.xpi","st":1474577603000}}}
1476810060040	addons.xpi-utils	DEBUG	Opening XPI database /var/folders/rp/_k6sdwhs1dv_50s0k2x447340000gn/T/rust_mozprofile.JxyOAbIu80cK/extensions.json
1476810060041	addons.xpi-utils	DEBUG	New add-on e10srollout@mozilla.org installed in app-system-defaults
*** Blocklist::_loadBlocklistFromFile: blocklist is disabled
1476810060048	DeferredSave.extensions.json	DEBUG	Save changes
1476810060048	addons.xpi-utils	DEBUG	New add-on firefox@getpocket.com installed in app-system-defaults
1476810060051	DeferredSave.extensions.json	DEBUG	Starting timer
1476810060052	DeferredSave.extensions.json	DEBUG	Save changes
1476810060052	addons.xpi-utils	DEBUG	New add-on webcompat@mozilla.org installed in app-system-defaults
1476810060055	DeferredSave.extensions.json	DEBUG	Save changes
1476810060056	addons.xpi-utils	DEBUG	New add-on {972ce4c6-7e08-4474-a285-3208198ce6fd} installed in app-global
1476810060059	DeferredSave.extensions.json	DEBUG	Save changes
1476810060064	addons.xpi	DEBUG	Loading bootstrap scope from /Applications/Firefox.app/Contents/Resources/browser/features/e10srollout@mozilla.org.xpi
1476810060073	addons.xpi	DEBUG	Calling bootstrap method install on e10srollout@mozilla.org version 1.2
1476810060073	addons.xpi-utils	DEBUG	Make addon app-system-defaults:e10srollout@mozilla.org visible
1476810060073	DeferredSave.extensions.json	DEBUG	Save changes
1476810060074	addons.xpi	DEBUG	Loading bootstrap scope from /Applications/Firefox.app/Contents/Resources/browser/features/firefox@getpocket.com.xpi
1476810060076	addons.xpi	DEBUG	Calling bootstrap method install on firefox@getpocket.com version 1.0.4
1476810060076	addons.xpi-utils	DEBUG	Make addon app-system-defaults:firefox@getpocket.com visible
1476810060076	DeferredSave.extensions.json	DEBUG	Save changes
1476810060077	addons.xpi	DEBUG	Loading bootstrap scope from /Applications/Firefox.app/Contents/Resources/browser/features/webcompat@mozilla.org.xpi
1476810060078	addons.xpi	DEBUG	Calling bootstrap method install on webcompat@mozilla.org version 1.0
1476810060079	addons.xpi-utils	DEBUG	Make addon app-system-defaults:webcompat@mozilla.org visible
1476810060079	DeferredSave.extensions.json	DEBUG	Save changes
1476810060079	addons.xpi-utils	DEBUG	Make addon app-global:{972ce4c6-7e08-4474-a285-3208198ce6fd} visible
1476810060079	DeferredSave.extensions.json	DEBUG	Save changes
1476810060079	addons.xpi	DEBUG	Updating XPIState for {"id":"e10srollout@mozilla.org","syncGUID":"5XNWw63HvVoe","location":"app-system-defaults","version":"1.2","type":"extension","internalName":null,"updateURL":null,"updateKey":null,"optionsURL":null,"optionsType":null,"aboutURL":null,"icons":{},"iconURL":null,"icon64URL":null,"defaultLocale":{"name":"Multi-process staged rollout","description":"Staged rollout of Firefox multi-process feature.","creator":null,"homepageURL":null},"visible":true,"active":true,"userDisabled":false,"appDisabled":false,"descriptor":"/Applications/Firefox.app/Contents/Resources/browser/features/e10srollout@mozilla.org.xpi","installDate":1474577603000,"updateDate":1474577603000,"applyBackgroundUpdates":1,"bootstrap":true,"skinnable":false,"size":5716,"sourceURI":null,"releaseNotesURI":null,"softDisabled":false,"foreignInstall":false,"hasBinaryComponents":false,"strictCompatibility":false,"locales":[],"targetApplications":[{"id":"{ec8030f7-c20a-464f-9b0e-13a3a9e97384}","minVersion":"49.0.1","maxVersion":"49.*"}],"targetPlatforms":[],"multiprocessCompatible":false,"seen":true}
1476810060079	addons.xpi	DEBUG	getModTime: Recursive scan of e10srollout@mozilla.org
1476810060080	addons.xpi	DEBUG	Updating XPIState for {"id":"firefox@getpocket.com","syncGUID":"exxRi0HpI5jF","location":"app-system-defaults","version":"1.0.4","type":"extension","internalName":null,"updateURL":null,"updateKey":null,"optionsURL":null,"optionsType":null,"aboutURL":null,"icons":{},"iconURL":null,"icon64URL":null,"defaultLocale":{"name":"Pocket","description":"When you find something you want to view later, put it in Pocket.","creator":null,"homepageURL":null},"visible":true,"active":true,"userDisabled":false,"appDisabled":false,"descriptor":"/Applications/Firefox.app/Contents/Resources/browser/features/firefox@getpocket.com.xpi","installDate":1474577603000,"updateDate":1474577603000,"applyBackgroundUpdates":1,"bootstrap":true,"skinnable":false,"size":895234,"sourceURI":null,"releaseNotesURI":null,"softDisabled":false,"foreignInstall":false,"hasBinaryComponents":false,"strictCompatibility":false,"locales":[],"targetApplications":[{"id":"{ec8030f7-c20a-464f-9b0e-13a3a9e97384}","minVersion":"49.0.1","maxVersion":"49.*"}],"targetPlatforms":[],"multiprocessCompatible":false,"seen":true}
1476810060080	addons.xpi	DEBUG	getModTime: Recursive scan of firefox@getpocket.com
1476810060081	addons.xpi	DEBUG	Updating XPIState for {"id":"webcompat@mozilla.org","syncGUID":"UbWx7FBgs_jc","location":"app-system-defaults","version":"1.0","type":"extension","internalName":null,"updateURL":null,"updateKey":null,"optionsURL":null,"optionsType":null,"aboutURL":null,"icons":{},"iconURL":null,"icon64URL":null,"defaultLocale":{"name":"Web Compat","description":"Urgent post-release fixes for web compatibility.","creator":null,"homepageURL":null},"visible":true,"active":true,"userDisabled":false,"appDisabled":false,"descriptor":"/Applications/Firefox.app/Contents/Resources/browser/features/webcompat@mozilla.org.xpi","installDate":1474577603000,"updateDate":1474577603000,"applyBackgroundUpdates":1,"bootstrap":true,"skinnable":false,"size":1502,"sourceURI":null,"releaseNotesURI":null,"softDisabled":false,"foreignInstall":false,"hasBinaryComponents":false,"strictCompatibility":false,"locales":[],"targetApplications":[{"id":"{ec8030f7-c20a-464f-9b0e-13a3a9e97384}","minVersion":"49.0.1","maxVersion":"49.*"}],"targetPlatforms":[],"multiprocessCompatible":false,"seen":true}
1476810060081	addons.xpi	DEBUG	getModTime: Recursive scan of webcompat@mozilla.org
1476810060081	addons.xpi	DEBUG	Updating XPIState for {"id":"{972ce4c6-7e08-4474-a285-3208198ce6fd}","syncGUID":"gkLJCk31o0Fg","location":"app-global","version":"49.0.1","type":"theme","internalName":"classic/1.0","updateURL":null,"updateKey":null,"optionsURL":null,"optionsType":null,"aboutURL":null,"icons":{"32":"icon.png","48":"icon.png"},"iconURL":null,"icon64URL":null,"defaultLocale":{"name":"Default","description":"The default theme.","creator":"Mozilla","homepageURL":null,"contributors":["Mozilla Contributors"]},"visible":true,"active":true,"userDisabled":false,"appDisabled":false,"descriptor":"/Applications/Firefox.app/Contents/Resources/browser/extensions/{972ce4c6-7e08-4474-a285-3208198ce6fd}.xpi","installDate":1474577603000,"updateDate":1474577603000,"applyBackgroundUpdates":1,"skinnable":true,"size":7140,"sourceURI":null,"releaseNotesURI":null,"softDisabled":false,"foreignInstall":false,"hasBinaryComponents":false,"strictCompatibility":true,"locales":[],"targetApplications":[{"id":"{ec8030f7-c20a-464f-9b0e-13a3a9e97384}","minVersion":"49.0.1","maxVersion":"49.0.1"}],"targetPlatforms":[],"seen":true}
1476810060081	addons.xpi	DEBUG	getModTime: Recursive scan of {972ce4c6-7e08-4474-a285-3208198ce6fd}
1476810060081	DeferredSave.extensions.json	DEBUG	Save changes
1476810060081	addons.xpi	DEBUG	Updating database with changes to installed add-ons
1476810060082	addons.xpi-utils	DEBUG	Updating add-on states
1476810060082	addons.xpi-utils	DEBUG	Writing add-ons list
1476810060083	addons.xpi	DEBUG	Registering manifest for /Applications/Firefox.app/Contents/Resources/browser/features/e10srollout@mozilla.org.xpi
1476810060083	addons.xpi	DEBUG	Calling bootstrap method startup on e10srollout@mozilla.org version 1.2
1476810060083	addons.xpi	DEBUG	Registering manifest for /Applications/Firefox.app/Contents/Resources/browser/features/firefox@getpocket.com.xpi
1476810060084	addons.xpi	DEBUG	Calling bootstrap method startup on firefox@getpocket.com version 1.0.4
1476810060084	addons.xpi	DEBUG	Registering manifest for /Applications/Firefox.app/Contents/Resources/browser/features/webcompat@mozilla.org.xpi
1476810060084	addons.xpi	DEBUG	Calling bootstrap method startup on webcompat@mozilla.org version 1.0
1476810060086	addons.manager	DEBUG	Registering shutdown blocker for XPIProvider
1476810060086	addons.manager	DEBUG	Provider finished startup: XPIProvider
1476810060086	addons.manager	DEBUG	Starting provider: LightweightThemeManager
1476810060086	addons.manager	DEBUG	Registering shutdown blocker for LightweightThemeManager
1476810060086	addons.manager	DEBUG	Provider finished startup: LightweightThemeManager
1476810060086	addons.manager	DEBUG	Starting provider: GMPProvider
1476810060092	addons.manager	DEBUG	Registering shutdown blocker for GMPProvider
1476810060092	addons.manager	DEBUG	Provider finished startup: GMPProvider
1476810060092	addons.manager	DEBUG	Starting provider: PluginProvider
1476810060092	addons.manager	DEBUG	Registering shutdown blocker for PluginProvider
1476810060092	addons.manager	DEBUG	Provider finished startup: PluginProvider
1476810060093	addons.manager	DEBUG	Completed startup sequence
1476810060202	Marionette	INFO	Listening on port 59782
1476810060338	addons.manager	DEBUG	Starting provider: <unnamed-provider>
1476810060338	addons.manager	DEBUG	Registering shutdown blocker for <unnamed-provider>
1476810060339	addons.manager	DEBUG	Provider finished startup: <unnamed-provider>
1476810060356	addons.manager	DEBUG	Starting provider: PreviousExperimentProvider
1476810060356	addons.manager	DEBUG	Registering shutdown blocker for PreviousExperimentProvider
1476810060356	addons.manager	DEBUG	Provider finished startup: PreviousExperimentProvider
1476810060359	DeferredSave.extensions.json	DEBUG	Starting write
1476810060456	DeferredSave.extensions.json	DEBUG	Write succeeded
1476810060456	addons.xpi-utils	DEBUG	XPI Database saved, setting schema version preference to 17
1476810061078	Marionette	INFO	startBrowser e38effb9-7254-4346-8419-f73876392589
18:01:01.212 INFO - Detected dialect: W3C
18:01:01.215 INFO - Done: [new session: Capabilities [{acceptSslCerts=true, marionette=true, name=Blog, firefoxOptions=org.openqa.selenium.firefox.FirefoxOptions@2ba6191a, browserName=firefox, javascriptEnabled=true, moz:firefoxOptions=org.openqa.selenium.firefox.FirefoxOptions@2ba6191a, platform=ANY}]]
18:01:01.223 INFO - Executing: [get: http://localhost:6060])
[warn] kq_init: detected broken kqueue; not using.: Undefined error: 0
18:01:03.032 INFO - Done: [get: http://localhost:6060]
18:01:04.042 INFO - Executing: [find elements: By.cssSelector: [data-automation-id=Page]])
18:01:04.054 INFO - Done: [find elements: By.cssSelector: [data-automation-id=Page]]
18:01:04.060 INFO - Executing: [find element: By.cssSelector: [data-automation-id="OlderPosts"]])
18:01:04.071 INFO - Done: [find element: By.cssSelector: [data-automation-id="OlderPosts"]]
18:01:04.077 INFO - Executing: [click: 1 [[FirefoxDriver: firefox on MAC (e38effb9-7254-4346-8419-f73876392589)] -> css selector: [data-automation-id="OlderPosts"]]])
18:01:04.426 INFO - Done: [click: 1 [[FirefoxDriver: firefox on MAC (e38effb9-7254-4346-8419-f73876392589)] -> css selector: [data-automation-id="OlderPosts"]]]
18:01:04.434 INFO - Executing: [get current url])
18:01:04.450 INFO - Done: [get current url]
18:01:04.461 INFO - Executing: [find elements: By.cssSelector: [data-automation-id=PostTitle0]])
18:01:04.772 INFO - Done: [find elements: By.cssSelector: [data-automation-id=PostTitle0]]
18:01:04.777 INFO - Executing: [is displayed: 2 [[FirefoxDriver: firefox on MAC (e38effb9-7254-4346-8419-f73876392589)] -> css selector: [data-automation-id=PostTitle0]]])
18:01:04.823 INFO - Done: [is displayed: 2 [[FirefoxDriver: firefox on MAC (e38effb9-7254-4346-8419-f73876392589)] -> css selector: [data-automation-id=PostTitle0]]]
18:01:04.831 INFO - Executing: [find element: By.cssSelector: [data-automation-id=PostTitle0]])
18:01:04.843 INFO - Done: [find element: By.cssSelector: [data-automation-id=PostTitle0]]
18:01:04.848 INFO - Executing: [get text: 2 [[FirefoxDriver: firefox on MAC (e38effb9-7254-4346-8419-f73876392589)] -> css selector: [data-automation-id=PostTitle0]]])
18:01:04.868 INFO - Done: [get text: 2 [[FirefoxDriver: firefox on MAC (e38effb9-7254-4346-8419-f73876392589)] -> css selector: [data-automation-id=PostTitle0]]]
18:01:04.874 INFO - Executing: [delete session: 38c77f33-96d7-42c0-a4bc-46000c09daaa])
[Child 90771] ###!!! ABORT: Aborting on channel error.: file /builds/slave/m-rel-m64-00000000000000000000/build/src/ipc/glue/MessageChannel.cpp, line 2052
[Child 90771] ###!!! ABORT: Aborting on channel error.: file /builds/slave/m-rel-m64-00000000000000000000/build/src/ipc/glue/MessageChannel.cpp, line 2052

###!!! [Child][MessageChannel] Error: (msgtype=0x400003,name=PCompositable::Msg_Destroy) Channel error: cannot send/recv

18:01:05.014 INFO - Done: [delete session: 38c77f33-96d7-42c0-a4bc-46000c09daaa]
18:01:05.026 INFO - Executing: [new session: Capabilities [{acceptSslCerts=true, marionette=true, name=Blog, browserName=firefox, javascriptEnabled=true, platform=ANY}]])
18:01:05.027 INFO - Creating a new session for Capabilities [{acceptSslCerts=true, marionette=true, name=Blog, browserName=firefox, javascriptEnabled=true, platform=ANY}]
1476810065052	geckodriver	INFO	Listening on 127.0.0.1:3589
18:01:05.065 INFO - Attempting bi-dialect session, assuming Postel's Law holds true on the remote end
1476810065069	mozprofile::profile	INFO	Using profile path /var/folders/rp/_k6sdwhs1dv_50s0k2x447340000gn/T/rust_mozprofile.WbeQxOrIVPMj
1476810065073	geckodriver::marionette	INFO	Starting browser /Applications/Firefox.app/Contents/MacOS/firefox-bin
1476810065075	geckodriver::marionette	INFO	Connecting to Marionette on localhost:59902
[warn] kq_init: detected broken kqueue; not using.: Undefined error: 0
1476810065254	addons.manager	DEBUG	Application has been upgraded
1476810065271	addons.manager	DEBUG	Loaded provider scope for resource://gre/modules/addons/XPIProvider.jsm: ["XPIProvider"]
1476810065273	addons.manager	DEBUG	Loaded provider scope for resource://gre/modules/LightweightThemeManager.jsm: ["LightweightThemeManager"]
1476810065276	addons.manager	DEBUG	Loaded provider scope for resource://gre/modules/addons/GMPProvider.jsm
1476810065277	addons.manager	DEBUG	Loaded provider scope for resource://gre/modules/addons/PluginProvider.jsm
1476810065278	addons.manager	DEBUG	Starting provider: XPIProvider
1476810065278	addons.xpi	DEBUG	startup
1476810065279	addons.xpi	INFO	SystemAddonInstallLocation directory is missing
1476810065279	addons.xpi	INFO	Mapping e10srollout@mozilla.org to /Applications/Firefox.app/Contents/Resources/browser/features/e10srollout@mozilla.org.xpi
1476810065280	addons.xpi	INFO	Mapping firefox@getpocket.com to /Applications/Firefox.app/Contents/Resources/browser/features/firefox@getpocket.com.xpi
1476810065280	addons.xpi	INFO	Mapping webcompat@mozilla.org to /Applications/Firefox.app/Contents/Resources/browser/features/webcompat@mozilla.org.xpi
1476810065280	addons.xpi	INFO	Mapping {972ce4c6-7e08-4474-a285-3208198ce6fd} to /Applications/Firefox.app/Contents/Resources/browser/extensions/{972ce4c6-7e08-4474-a285-3208198ce6fd}.xpi
1476810065281	addons.xpi	DEBUG	checkForChanges
1476810065281	addons.xpi	DEBUG	Loaded add-on state from prefs: {}
1476810065282	addons.xpi	DEBUG	New add-on e10srollout@mozilla.org in app-system-defaults
1476810065282	addons.xpi	DEBUG	getModTime: Recursive scan of e10srollout@mozilla.org
1476810065283	addons.xpi	DEBUG	New add-on firefox@getpocket.com in app-system-defaults
1476810065283	addons.xpi	DEBUG	getModTime: Recursive scan of firefox@getpocket.com
1476810065283	addons.xpi	DEBUG	New add-on webcompat@mozilla.org in app-system-defaults
1476810065283	addons.xpi	DEBUG	getModTime: Recursive scan of webcompat@mozilla.org
1476810065284	addons.xpi	DEBUG	New add-on {972ce4c6-7e08-4474-a285-3208198ce6fd} in app-global
1476810065284	addons.xpi	DEBUG	getModTime: Recursive scan of {972ce4c6-7e08-4474-a285-3208198ce6fd}
1476810065284	addons.xpi	DEBUG	getInstallState changed: true, state: {"app-system-defaults":{"e10srollout@mozilla.org":{"d":"/Applications/Firefox.app/Contents/Resources/browser/features/e10srollout@mozilla.org.xpi","st":1474577603000},"firefox@getpocket.com":{"d":"/Applications/Firefox.app/Contents/Resources/browser/features/firefox@getpocket.com.xpi","st":1474577603000},"webcompat@mozilla.org":{"d":"/Applications/Firefox.app/Contents/Resources/browser/features/webcompat@mozilla.org.xpi","st":1474577603000}},"app-global":{"{972ce4c6-7e08-4474-a285-3208198ce6fd}":{"d":"/Applications/Firefox.app/Contents/Resources/browser/extensions/{972ce4c6-7e08-4474-a285-3208198ce6fd}.xpi","st":1474577603000}}}
1476810065290	addons.xpi-utils	DEBUG	Opening XPI database /var/folders/rp/_k6sdwhs1dv_50s0k2x447340000gn/T/rust_mozprofile.WbeQxOrIVPMj/extensions.json
1476810065291	addons.xpi-utils	DEBUG	New add-on e10srollout@mozilla.org installed in app-system-defaults
*** Blocklist::_loadBlocklistFromFile: blocklist is disabled
1476810065299	DeferredSave.extensions.json	DEBUG	Save changes
1476810065299	addons.xpi-utils	DEBUG	New add-on firefox@getpocket.com installed in app-system-defaults
1476810065302	DeferredSave.extensions.json	DEBUG	Starting timer
1476810065303	DeferredSave.extensions.json	DEBUG	Save changes
1476810065303	addons.xpi-utils	DEBUG	New add-on webcompat@mozilla.org installed in app-system-defaults
1476810065306	DeferredSave.extensions.json	DEBUG	Save changes
1476810065307	addons.xpi-utils	DEBUG	New add-on {972ce4c6-7e08-4474-a285-3208198ce6fd} installed in app-global
1476810065310	DeferredSave.extensions.json	DEBUG	Save changes
1476810065316	addons.xpi	DEBUG	Loading bootstrap scope from /Applications/Firefox.app/Contents/Resources/browser/features/e10srollout@mozilla.org.xpi
1476810065325	addons.xpi	DEBUG	Calling bootstrap method install on e10srollout@mozilla.org version 1.2
1476810065326	addons.xpi-utils	DEBUG	Make addon app-system-defaults:e10srollout@mozilla.org visible
1476810065326	DeferredSave.extensions.json	DEBUG	Save changes
1476810065326	addons.xpi	DEBUG	Loading bootstrap scope from /Applications/Firefox.app/Contents/Resources/browser/features/firefox@getpocket.com.xpi
1476810065329	addons.xpi	DEBUG	Calling bootstrap method install on firefox@getpocket.com version 1.0.4
1476810065329	addons.xpi-utils	DEBUG	Make addon app-system-defaults:firefox@getpocket.com visible
1476810065330	DeferredSave.extensions.json	DEBUG	Save changes
1476810065331	addons.xpi	DEBUG	Loading bootstrap scope from /Applications/Firefox.app/Contents/Resources/browser/features/webcompat@mozilla.org.xpi
1476810065332	addons.xpi	DEBUG	Calling bootstrap method install on webcompat@mozilla.org version 1.0
1476810065332	addons.xpi-utils	DEBUG	Make addon app-system-defaults:webcompat@mozilla.org visible
1476810065332	DeferredSave.extensions.json	DEBUG	Save changes
1476810065332	addons.xpi-utils	DEBUG	Make addon app-global:{972ce4c6-7e08-4474-a285-3208198ce6fd} visible
1476810065332	DeferredSave.extensions.json	DEBUG	Save changes
1476810065333	addons.xpi	DEBUG	Updating XPIState for {"id":"e10srollout@mozilla.org","syncGUID":"vLbzVxwaceSz","location":"app-system-defaults","version":"1.2","type":"extension","internalName":null,"updateURL":null,"updateKey":null,"optionsURL":null,"optionsType":null,"aboutURL":null,"icons":{},"iconURL":null,"icon64URL":null,"defaultLocale":{"name":"Multi-process staged rollout","description":"Staged rollout of Firefox multi-process feature.","creator":null,"homepageURL":null},"visible":true,"active":true,"userDisabled":false,"appDisabled":false,"descriptor":"/Applications/Firefox.app/Contents/Resources/browser/features/e10srollout@mozilla.org.xpi","installDate":1474577603000,"updateDate":1474577603000,"applyBackgroundUpdates":1,"bootstrap":true,"skinnable":false,"size":5716,"sourceURI":null,"releaseNotesURI":null,"softDisabled":false,"foreignInstall":false,"hasBinaryComponents":false,"strictCompatibility":false,"locales":[],"targetApplications":[{"id":"{ec8030f7-c20a-464f-9b0e-13a3a9e97384}","minVersion":"49.0.1","maxVersion":"49.*"}],"targetPlatforms":[],"multiprocessCompatible":false,"seen":true}
1476810065333	addons.xpi	DEBUG	getModTime: Recursive scan of e10srollout@mozilla.org
1476810065333	addons.xpi	DEBUG	Updating XPIState for {"id":"firefox@getpocket.com","syncGUID":"QgJ5l4hZqtve","location":"app-system-defaults","version":"1.0.4","type":"extension","internalName":null,"updateURL":null,"updateKey":null,"optionsURL":null,"optionsType":null,"aboutURL":null,"icons":{},"iconURL":null,"icon64URL":null,"defaultLocale":{"name":"Pocket","description":"When you find something you want to view later, put it in Pocket.","creator":null,"homepageURL":null},"visible":true,"active":true,"userDisabled":false,"appDisabled":false,"descriptor":"/Applications/Firefox.app/Contents/Resources/browser/features/firefox@getpocket.com.xpi","installDate":1474577603000,"updateDate":1474577603000,"applyBackgroundUpdates":1,"bootstrap":true,"skinnable":false,"size":895234,"sourceURI":null,"releaseNotesURI":null,"softDisabled":false,"foreignInstall":false,"hasBinaryComponents":false,"strictCompatibility":false,"locales":[],"targetApplications":[{"id":"{ec8030f7-c20a-464f-9b0e-13a3a9e97384}","minVersion":"49.0.1","maxVersion":"49.*"}],"targetPlatforms":[],"multiprocessCompatible":false,"seen":true}
1476810065334	addons.xpi	DEBUG	getModTime: Recursive scan of firefox@getpocket.com
1476810065334	addons.xpi	DEBUG	Updating XPIState for {"id":"webcompat@mozilla.org","syncGUID":"mxXmP-qeOJVt","location":"app-system-defaults","version":"1.0","type":"extension","internalName":null,"updateURL":null,"updateKey":null,"optionsURL":null,"optionsType":null,"aboutURL":null,"icons":{},"iconURL":null,"icon64URL":null,"defaultLocale":{"name":"Web Compat","description":"Urgent post-release fixes for web compatibility.","creator":null,"homepageURL":null},"visible":true,"active":true,"userDisabled":false,"appDisabled":false,"descriptor":"/Applications/Firefox.app/Contents/Resources/browser/features/webcompat@mozilla.org.xpi","installDate":1474577603000,"updateDate":1474577603000,"applyBackgroundUpdates":1,"bootstrap":true,"skinnable":false,"size":1502,"sourceURI":null,"releaseNotesURI":null,"softDisabled":false,"foreignInstall":false,"hasBinaryComponents":false,"strictCompatibility":false,"locales":[],"targetApplications":[{"id":"{ec8030f7-c20a-464f-9b0e-13a3a9e97384}","minVersion":"49.0.1","maxVersion":"49.*"}],"targetPlatforms":[],"multiprocessCompatible":false,"seen":true}
1476810065334	addons.xpi	DEBUG	getModTime: Recursive scan of webcompat@mozilla.org
1476810065334	addons.xpi	DEBUG	Updating XPIState for {"id":"{972ce4c6-7e08-4474-a285-3208198ce6fd}","syncGUID":"SjEfKRIIt9kQ","location":"app-global","version":"49.0.1","type":"theme","internalName":"classic/1.0","updateURL":null,"updateKey":null,"optionsURL":null,"optionsType":null,"aboutURL":null,"icons":{"32":"icon.png","48":"icon.png"},"iconURL":null,"icon64URL":null,"defaultLocale":{"name":"Default","description":"The default theme.","creator":"Mozilla","homepageURL":null,"contributors":["Mozilla Contributors"]},"visible":true,"active":true,"userDisabled":false,"appDisabled":false,"descriptor":"/Applications/Firefox.app/Contents/Resources/browser/extensions/{972ce4c6-7e08-4474-a285-3208198ce6fd}.xpi","installDate":1474577603000,"updateDate":1474577603000,"applyBackgroundUpdates":1,"skinnable":true,"size":7140,"sourceURI":null,"releaseNotesURI":null,"softDisabled":false,"foreignInstall":false,"hasBinaryComponents":false,"strictCompatibility":true,"locales":[],"targetApplications":[{"id":"{ec8030f7-c20a-464f-9b0e-13a3a9e97384}","minVersion":"49.0.1","maxVersion":"49.0.1"}],"targetPlatforms":[],"seen":true}
1476810065334	addons.xpi	DEBUG	getModTime: Recursive scan of {972ce4c6-7e08-4474-a285-3208198ce6fd}
1476810065335	DeferredSave.extensions.json	DEBUG	Save changes
1476810065335	addons.xpi	DEBUG	Updating database with changes to installed add-ons
1476810065335	addons.xpi-utils	DEBUG	Updating add-on states
1476810065335	addons.xpi-utils	DEBUG	Writing add-ons list
1476810065336	addons.xpi	DEBUG	Registering manifest for /Applications/Firefox.app/Contents/Resources/browser/features/e10srollout@mozilla.org.xpi
1476810065337	addons.xpi	DEBUG	Calling bootstrap method startup on e10srollout@mozilla.org version 1.2
1476810065337	addons.xpi	DEBUG	Registering manifest for /Applications/Firefox.app/Contents/Resources/browser/features/firefox@getpocket.com.xpi
1476810065337	addons.xpi	DEBUG	Calling bootstrap method startup on firefox@getpocket.com version 1.0.4
1476810065338	addons.xpi	DEBUG	Registering manifest for /Applications/Firefox.app/Contents/Resources/browser/features/webcompat@mozilla.org.xpi
1476810065338	addons.xpi	DEBUG	Calling bootstrap method startup on webcompat@mozilla.org version 1.0
1476810065339	addons.manager	DEBUG	Registering shutdown blocker for XPIProvider
1476810065339	addons.manager	DEBUG	Provider finished startup: XPIProvider
1476810065339	addons.manager	DEBUG	Starting provider: LightweightThemeManager
1476810065339	addons.manager	DEBUG	Registering shutdown blocker for LightweightThemeManager
1476810065340	addons.manager	DEBUG	Provider finished startup: LightweightThemeManager
1476810065340	addons.manager	DEBUG	Starting provider: GMPProvider
1476810065345	addons.manager	DEBUG	Registering shutdown blocker for GMPProvider
1476810065346	addons.manager	DEBUG	Provider finished startup: GMPProvider
1476810065346	addons.manager	DEBUG	Starting provider: PluginProvider
1476810065346	addons.manager	DEBUG	Registering shutdown blocker for PluginProvider
1476810065346	addons.manager	DEBUG	Provider finished startup: PluginProvider
1476810065346	addons.manager	DEBUG	Completed startup sequence
1476810065457	Marionette	INFO	Listening on port 59902
1476810065610	addons.manager	DEBUG	Starting provider: <unnamed-provider>
1476810065610	addons.manager	DEBUG	Registering shutdown blocker for <unnamed-provider>
1476810065611	addons.manager	DEBUG	Provider finished startup: <unnamed-provider>
1476810065630	addons.manager	DEBUG	Starting provider: PreviousExperimentProvider
1476810065631	addons.manager	DEBUG	Registering shutdown blocker for PreviousExperimentProvider
1476810065631	addons.manager	DEBUG	Provider finished startup: PreviousExperimentProvider
1476810065634	DeferredSave.extensions.json	DEBUG	Starting write
1476810065758	DeferredSave.extensions.json	DEBUG	Write succeeded
1476810065758	addons.xpi-utils	DEBUG	XPI Database saved, setting schema version preference to 17
1476810066474	Marionette	INFO	startBrowser 1a07d1ae-2a58-394d-ae91-9744445edd34
18:01:06.599 INFO - Detected dialect: W3C
18:01:06.601 INFO - Done: [new session: Capabilities [{acceptSslCerts=true, marionette=true, name=Blog, firefoxOptions=org.openqa.selenium.firefox.FirefoxOptions@42fc01b6, browserName=firefox, javascriptEnabled=true, moz:firefoxOptions=org.openqa.selenium.firefox.FirefoxOptions@42fc01b6, platform=ANY}]]
18:01:06.605 INFO - Executing: [get: http://localhost:6060])
[warn] kq_init: detected broken kqueue; not using.: Undefined error: 0
18:01:08.159 INFO - Done: [get: http://localhost:6060]
18:01:09.164 INFO - Executing: [find elements: By.cssSelector: [data-automation-id=Page]])
18:01:09.173 INFO - Done: [find elements: By.cssSelector: [data-automation-id=Page]]
18:01:09.177 INFO - Executing: [find elements: By.cssSelector: [data-automation-id=Page]])
18:01:09.187 INFO - Done: [find elements: By.cssSelector: [data-automation-id=Page]]
18:01:09.191 INFO - Executing: [get text: 0 [[FirefoxDriver: firefox on MAC (1a07d1ae-2a58-394d-ae91-9744445edd34)] -> css selector: [data-automation-id=Page]]])
18:01:09.359 INFO - Done: [get text: 0 [[FirefoxDriver: firefox on MAC (1a07d1ae-2a58-394d-ae91-9744445edd34)] -> css selector: [data-automation-id=Page]]]
18:01:09.364 INFO - Executing: [find element: By.cssSelector: [data-automation-id=PostTitle0]])
18:01:09.371 INFO - Done: [find element: By.cssSelector: [data-automation-id=PostTitle0]]
18:01:09.374 INFO - Executing: [click: 1 [[FirefoxDriver: firefox on MAC (1a07d1ae-2a58-394d-ae91-9744445edd34)] -> css selector: [data-automation-id=PostTitle0]]])
18:01:09.631 INFO - Done: [click: 1 [[FirefoxDriver: firefox on MAC (1a07d1ae-2a58-394d-ae91-9744445edd34)] -> css selector: [data-automation-id=PostTitle0]]]
18:01:09.635 INFO - Executing: [find element: By.cssSelector: [data-automation-id=Post]])
18:01:09.670 INFO - Done: [find element: By.cssSelector: [data-automation-id=Post]]
18:01:09.676 INFO - Executing: [is displayed: 2 [[FirefoxDriver: firefox on MAC (1a07d1ae-2a58-394d-ae91-9744445edd34)] -> css selector: [data-automation-id=Post]]])
18:01:09.760 INFO - Done: [is displayed: 2 [[FirefoxDriver: firefox on MAC (1a07d1ae-2a58-394d-ae91-9744445edd34)] -> css selector: [data-automation-id=Post]]]
18:01:09.766 INFO - Executing: [find element: By.cssSelector: [data-automation-id=Post]])
18:01:09.819 INFO - Done: [find element: By.cssSelector: [data-automation-id=Post]]
18:01:09.822 INFO - Executing: [get text: 2 [[FirefoxDriver: firefox on MAC (1a07d1ae-2a58-394d-ae91-9744445edd34)] -> css selector: [data-automation-id=Post]]])
18:01:09.921 INFO - Done: [get text: 2 [[FirefoxDriver: firefox on MAC (1a07d1ae-2a58-394d-ae91-9744445edd34)] -> css selector: [data-automation-id=Post]]]
18:01:09.924 INFO - Executing: [delete session: 984c7d9f-9a0d-46e6-be3b-5e282008cfd0])
[Child 90789] ###!!! ABORT: Aborting on channel error.: file /builds/slave/m-rel-m64-00000000000000000000/build/src/ipc/glue/MessageChannel.cpp, line 2052
[Child 90789] ###!!! ABORT: Aborting on channel error.: file /builds/slave/m-rel-m64-00000000000000000000/build/src/ipc/glue/MessageChannel.cpp, line 2052
18:01:10.045 INFO - Done: [delete session: 984c7d9f-9a0d-46e6-be3b-5e282008cfd0]
18:01:10.055 INFO - Executing: [new session: Capabilities [{acceptSslCerts=true, marionette=true, name=Blog, browserName=firefox, javascriptEnabled=true, platform=ANY}]])
18:01:10.056 INFO - Creating a new session for Capabilities [{acceptSslCerts=true, marionette=true, name=Blog, browserName=firefox, javascriptEnabled=true, platform=ANY}]
1476810070075	geckodriver	INFO	Listening on 127.0.0.1:9837
18:01:10.087 INFO - Attempting bi-dialect session, assuming Postel's Law holds true on the remote end
1476810070089	mozprofile::profile	INFO	Using profile path /var/folders/rp/_k6sdwhs1dv_50s0k2x447340000gn/T/rust_mozprofile.me8M0kb7urN1
1476810070095	geckodriver::marionette	INFO	Starting browser /Applications/Firefox.app/Contents/MacOS/firefox-bin
1476810070103	geckodriver::marionette	INFO	Connecting to Marionette on localhost:60019
[warn] kq_init: detected broken kqueue; not using.: Undefined error: 0
1476810070264	addons.manager	DEBUG	Application has been upgraded
1476810070281	addons.manager	DEBUG	Loaded provider scope for resource://gre/modules/addons/XPIProvider.jsm: ["XPIProvider"]
1476810070282	addons.manager	DEBUG	Loaded provider scope for resource://gre/modules/LightweightThemeManager.jsm: ["LightweightThemeManager"]
1476810070285	addons.manager	DEBUG	Loaded provider scope for resource://gre/modules/addons/GMPProvider.jsm
1476810070286	addons.manager	DEBUG	Loaded provider scope for resource://gre/modules/addons/PluginProvider.jsm
1476810070287	addons.manager	DEBUG	Starting provider: XPIProvider
1476810070287	addons.xpi	DEBUG	startup
1476810070288	addons.xpi	INFO	SystemAddonInstallLocation directory is missing
1476810070289	addons.xpi	INFO	Mapping e10srollout@mozilla.org to /Applications/Firefox.app/Contents/Resources/browser/features/e10srollout@mozilla.org.xpi
1476810070289	addons.xpi	INFO	Mapping firefox@getpocket.com to /Applications/Firefox.app/Contents/Resources/browser/features/firefox@getpocket.com.xpi
1476810070289	addons.xpi	INFO	Mapping webcompat@mozilla.org to /Applications/Firefox.app/Contents/Resources/browser/features/webcompat@mozilla.org.xpi
1476810070289	addons.xpi	INFO	Mapping {972ce4c6-7e08-4474-a285-3208198ce6fd} to /Applications/Firefox.app/Contents/Resources/browser/extensions/{972ce4c6-7e08-4474-a285-3208198ce6fd}.xpi
1476810070290	addons.xpi	DEBUG	checkForChanges
1476810070290	addons.xpi	DEBUG	Loaded add-on state from prefs: {}
1476810070291	addons.xpi	DEBUG	New add-on e10srollout@mozilla.org in app-system-defaults
1476810070291	addons.xpi	DEBUG	getModTime: Recursive scan of e10srollout@mozilla.org
1476810070292	addons.xpi	DEBUG	New add-on firefox@getpocket.com in app-system-defaults
1476810070292	addons.xpi	DEBUG	getModTime: Recursive scan of firefox@getpocket.com
1476810070292	addons.xpi	DEBUG	New add-on webcompat@mozilla.org in app-system-defaults
1476810070293	addons.xpi	DEBUG	getModTime: Recursive scan of webcompat@mozilla.org
1476810070293	addons.xpi	DEBUG	New add-on {972ce4c6-7e08-4474-a285-3208198ce6fd} in app-global
1476810070293	addons.xpi	DEBUG	getModTime: Recursive scan of {972ce4c6-7e08-4474-a285-3208198ce6fd}
1476810070293	addons.xpi	DEBUG	getInstallState changed: true, state: {"app-system-defaults":{"e10srollout@mozilla.org":{"d":"/Applications/Firefox.app/Contents/Resources/browser/features/e10srollout@mozilla.org.xpi","st":1474577603000},"firefox@getpocket.com":{"d":"/Applications/Firefox.app/Contents/Resources/browser/features/firefox@getpocket.com.xpi","st":1474577603000},"webcompat@mozilla.org":{"d":"/Applications/Firefox.app/Contents/Resources/browser/features/webcompat@mozilla.org.xpi","st":1474577603000}},"app-global":{"{972ce4c6-7e08-4474-a285-3208198ce6fd}":{"d":"/Applications/Firefox.app/Contents/Resources/browser/extensions/{972ce4c6-7e08-4474-a285-3208198ce6fd}.xpi","st":1474577603000}}}
1476810070300	addons.xpi-utils	DEBUG	Opening XPI database /var/folders/rp/_k6sdwhs1dv_50s0k2x447340000gn/T/rust_mozprofile.me8M0kb7urN1/extensions.json
1476810070301	addons.xpi-utils	DEBUG	New add-on e10srollout@mozilla.org installed in app-system-defaults
*** Blocklist::_loadBlocklistFromFile: blocklist is disabled
1476810070308	DeferredSave.extensions.json	DEBUG	Save changes
1476810070308	addons.xpi-utils	DEBUG	New add-on firefox@getpocket.com installed in app-system-defaults
1476810070310	DeferredSave.extensions.json	DEBUG	Starting timer
1476810070311	DeferredSave.extensions.json	DEBUG	Save changes
1476810070312	addons.xpi-utils	DEBUG	New add-on webcompat@mozilla.org installed in app-system-defaults
1476810070315	DeferredSave.extensions.json	DEBUG	Save changes
1476810070316	addons.xpi-utils	DEBUG	New add-on {972ce4c6-7e08-4474-a285-3208198ce6fd} installed in app-global
1476810070319	DeferredSave.extensions.json	DEBUG	Save changes
1476810070324	addons.xpi	DEBUG	Loading bootstrap scope from /Applications/Firefox.app/Contents/Resources/browser/features/e10srollout@mozilla.org.xpi
1476810070333	addons.xpi	DEBUG	Calling bootstrap method install on e10srollout@mozilla.org version 1.2
1476810070333	addons.xpi-utils	DEBUG	Make addon app-system-defaults:e10srollout@mozilla.org visible
1476810070333	DeferredSave.extensions.json	DEBUG	Save changes
1476810070334	addons.xpi	DEBUG	Loading bootstrap scope from /Applications/Firefox.app/Contents/Resources/browser/features/firefox@getpocket.com.xpi
1476810070336	addons.xpi	DEBUG	Calling bootstrap method install on firefox@getpocket.com version 1.0.4
1476810070336	addons.xpi-utils	DEBUG	Make addon app-system-defaults:firefox@getpocket.com visible
1476810070336	DeferredSave.extensions.json	DEBUG	Save changes
1476810070337	addons.xpi	DEBUG	Loading bootstrap scope from /Applications/Firefox.app/Contents/Resources/browser/features/webcompat@mozilla.org.xpi
1476810070338	addons.xpi	DEBUG	Calling bootstrap method install on webcompat@mozilla.org version 1.0
1476810070338	addons.xpi-utils	DEBUG	Make addon app-system-defaults:webcompat@mozilla.org visible
1476810070338	DeferredSave.extensions.json	DEBUG	Save changes
1476810070339	addons.xpi-utils	DEBUG	Make addon app-global:{972ce4c6-7e08-4474-a285-3208198ce6fd} visible
1476810070339	DeferredSave.extensions.json	DEBUG	Save changes
1476810070339	addons.xpi	DEBUG	Updating XPIState for {"id":"e10srollout@mozilla.org","syncGUID":"I5V1ot416eVz","location":"app-system-defaults","version":"1.2","type":"extension","internalName":null,"updateURL":null,"updateKey":null,"optionsURL":null,"optionsType":null,"aboutURL":null,"icons":{},"iconURL":null,"icon64URL":null,"defaultLocale":{"name":"Multi-process staged rollout","description":"Staged rollout of Firefox multi-process feature.","creator":null,"homepageURL":null},"visible":true,"active":true,"userDisabled":false,"appDisabled":false,"descriptor":"/Applications/Firefox.app/Contents/Resources/browser/features/e10srollout@mozilla.org.xpi","installDate":1474577603000,"updateDate":1474577603000,"applyBackgroundUpdates":1,"bootstrap":true,"skinnable":false,"size":5716,"sourceURI":null,"releaseNotesURI":null,"softDisabled":false,"foreignInstall":false,"hasBinaryComponents":false,"strictCompatibility":false,"locales":[],"targetApplications":[{"id":"{ec8030f7-c20a-464f-9b0e-13a3a9e97384}","minVersion":"49.0.1","maxVersion":"49.*"}],"targetPlatforms":[],"multiprocessCompatible":false,"seen":true}
1476810070339	addons.xpi	DEBUG	getModTime: Recursive scan of e10srollout@mozilla.org
1476810070340	addons.xpi	DEBUG	Updating XPIState for {"id":"firefox@getpocket.com","syncGUID":"x0XR0kJz17Qj","location":"app-system-defaults","version":"1.0.4","type":"extension","internalName":null,"updateURL":null,"updateKey":null,"optionsURL":null,"optionsType":null,"aboutURL":null,"icons":{},"iconURL":null,"icon64URL":null,"defaultLocale":{"name":"Pocket","description":"When you find something you want to view later, put it in Pocket.","creator":null,"homepageURL":null},"visible":true,"active":true,"userDisabled":false,"appDisabled":false,"descriptor":"/Applications/Firefox.app/Contents/Resources/browser/features/firefox@getpocket.com.xpi","installDate":1474577603000,"updateDate":1474577603000,"applyBackgroundUpdates":1,"bootstrap":true,"skinnable":false,"size":895234,"sourceURI":null,"releaseNotesURI":null,"softDisabled":false,"foreignInstall":false,"hasBinaryComponents":false,"strictCompatibility":false,"locales":[],"targetApplications":[{"id":"{ec8030f7-c20a-464f-9b0e-13a3a9e97384}","minVersion":"49.0.1","maxVersion":"49.*"}],"targetPlatforms":[],"multiprocessCompatible":false,"seen":true}
1476810070340	addons.xpi	DEBUG	getModTime: Recursive scan of firefox@getpocket.com
1476810070340	addons.xpi	DEBUG	Updating XPIState for {"id":"webcompat@mozilla.org","syncGUID":"VNZ0YoYpAPH3","location":"app-system-defaults","version":"1.0","type":"extension","internalName":null,"updateURL":null,"updateKey":null,"optionsURL":null,"optionsType":null,"aboutURL":null,"icons":{},"iconURL":null,"icon64URL":null,"defaultLocale":{"name":"Web Compat","description":"Urgent post-release fixes for web compatibility.","creator":null,"homepageURL":null},"visible":true,"active":true,"userDisabled":false,"appDisabled":false,"descriptor":"/Applications/Firefox.app/Contents/Resources/browser/features/webcompat@mozilla.org.xpi","installDate":1474577603000,"updateDate":1474577603000,"applyBackgroundUpdates":1,"bootstrap":true,"skinnable":false,"size":1502,"sourceURI":null,"releaseNotesURI":null,"softDisabled":false,"foreignInstall":false,"hasBinaryComponents":false,"strictCompatibility":false,"locales":[],"targetApplications":[{"id":"{ec8030f7-c20a-464f-9b0e-13a3a9e97384}","minVersion":"49.0.1","maxVersion":"49.*"}],"targetPlatforms":[],"multiprocessCompatible":false,"seen":true}
1476810070341	addons.xpi	DEBUG	getModTime: Recursive scan of webcompat@mozilla.org
1476810070341	addons.xpi	DEBUG	Updating XPIState for {"id":"{972ce4c6-7e08-4474-a285-3208198ce6fd}","syncGUID":"H-5AqONtW2FZ","location":"app-global","version":"49.0.1","type":"theme","internalName":"classic/1.0","updateURL":null,"updateKey":null,"optionsURL":null,"optionsType":null,"aboutURL":null,"icons":{"32":"icon.png","48":"icon.png"},"iconURL":null,"icon64URL":null,"defaultLocale":{"name":"Default","description":"The default theme.","creator":"Mozilla","homepageURL":null,"contributors":["Mozilla Contributors"]},"visible":true,"active":true,"userDisabled":false,"appDisabled":false,"descriptor":"/Applications/Firefox.app/Contents/Resources/browser/extensions/{972ce4c6-7e08-4474-a285-3208198ce6fd}.xpi","installDate":1474577603000,"updateDate":1474577603000,"applyBackgroundUpdates":1,"skinnable":true,"size":7140,"sourceURI":null,"releaseNotesURI":null,"softDisabled":false,"foreignInstall":false,"hasBinaryComponents":false,"strictCompatibility":true,"locales":[],"targetApplications":[{"id":"{ec8030f7-c20a-464f-9b0e-13a3a9e97384}","minVersion":"49.0.1","maxVersion":"49.0.1"}],"targetPlatforms":[],"seen":true}
1476810070341	addons.xpi	DEBUG	getModTime: Recursive scan of {972ce4c6-7e08-4474-a285-3208198ce6fd}
1476810070341	DeferredSave.extensions.json	DEBUG	Save changes
1476810070341	addons.xpi	DEBUG	Updating database with changes to installed add-ons
1476810070342	addons.xpi-utils	DEBUG	Updating add-on states
1476810070342	addons.xpi-utils	DEBUG	Writing add-ons list
1476810070343	addons.xpi	DEBUG	Registering manifest for /Applications/Firefox.app/Contents/Resources/browser/features/e10srollout@mozilla.org.xpi
1476810070343	addons.xpi	DEBUG	Calling bootstrap method startup on e10srollout@mozilla.org version 1.2
1476810070343	addons.xpi	DEBUG	Registering manifest for /Applications/Firefox.app/Contents/Resources/browser/features/firefox@getpocket.com.xpi
1476810070344	addons.xpi	DEBUG	Calling bootstrap method startup on firefox@getpocket.com version 1.0.4
1476810070344	addons.xpi	DEBUG	Registering manifest for /Applications/Firefox.app/Contents/Resources/browser/features/webcompat@mozilla.org.xpi
1476810070344	addons.xpi	DEBUG	Calling bootstrap method startup on webcompat@mozilla.org version 1.0
1476810070346	addons.manager	DEBUG	Registering shutdown blocker for XPIProvider
1476810070346	addons.manager	DEBUG	Provider finished startup: XPIProvider
1476810070346	addons.manager	DEBUG	Starting provider: LightweightThemeManager
1476810070346	addons.manager	DEBUG	Registering shutdown blocker for LightweightThemeManager
1476810070346	addons.manager	DEBUG	Provider finished startup: LightweightThemeManager
1476810070347	addons.manager	DEBUG	Starting provider: GMPProvider
1476810070352	addons.manager	DEBUG	Registering shutdown blocker for GMPProvider
1476810070352	addons.manager	DEBUG	Provider finished startup: GMPProvider
1476810070352	addons.manager	DEBUG	Starting provider: PluginProvider
1476810070352	addons.manager	DEBUG	Registering shutdown blocker for PluginProvider
1476810070353	addons.manager	DEBUG	Provider finished startup: PluginProvider
1476810070353	addons.manager	DEBUG	Completed startup sequence
1476810070457	Marionette	INFO	Listening on port 60019
1476810070596	addons.manager	DEBUG	Starting provider: <unnamed-provider>
1476810070597	addons.manager	DEBUG	Registering shutdown blocker for <unnamed-provider>
1476810070597	addons.manager	DEBUG	Provider finished startup: <unnamed-provider>
1476810070613	addons.manager	DEBUG	Starting provider: PreviousExperimentProvider
1476810070613	addons.manager	DEBUG	Registering shutdown blocker for PreviousExperimentProvider
1476810070613	addons.manager	DEBUG	Provider finished startup: PreviousExperimentProvider
1476810070616	DeferredSave.extensions.json	DEBUG	Starting write
1476810070714	DeferredSave.extensions.json	DEBUG	Write succeeded
1476810070715	addons.xpi-utils	DEBUG	XPI Database saved, setting schema version preference to 17
1476810071346	Marionette	INFO	startBrowser 92018e30-19b4-e546-b51b-807c71325758
18:01:11.480 INFO - Detected dialect: W3C
18:01:11.482 INFO - Done: [new session: Capabilities [{acceptSslCerts=true, marionette=true, name=Blog, firefoxOptions=org.openqa.selenium.firefox.FirefoxOptions@771d1763, browserName=firefox, javascriptEnabled=true, moz:firefoxOptions=org.openqa.selenium.firefox.FirefoxOptions@771d1763, platform=ANY}]]
18:01:11.488 INFO - Executing: [get: http://localhost:6060])
[warn] kq_init: detected broken kqueue; not using.: Undefined error: 0
18:01:12.900 INFO - Done: [get: http://localhost:6060]
18:01:13.907 INFO - Executing: [find elements: By.cssSelector: [data-automation-id=Page]])
18:01:13.916 INFO - Done: [find elements: By.cssSelector: [data-automation-id=Page]]
18:01:13.919 INFO - Executing: [find element: By.cssSelector: [data-automation-id=CodeLink]])
18:01:13.925 INFO - Done: [find element: By.cssSelector: [data-automation-id=CodeLink]]
18:01:13.927 INFO - Executing: [click: 1 [[FirefoxDriver: firefox on MAC (92018e30-19b4-e546-b51b-807c71325758)] -> css selector: [data-automation-id=CodeLink]]])
18:01:14.092 INFO - Done: [click: 1 [[FirefoxDriver: firefox on MAC (92018e30-19b4-e546-b51b-807c71325758)] -> css selector: [data-automation-id=CodeLink]]]
18:01:14.096 INFO - Executing: [get current url])
18:01:14.103 INFO - Done: [get current url]
18:01:14.106 INFO - Executing: [get title])
18:01:14.118 INFO - Done: [get title]
18:01:14.123 INFO - Executing: [find elements: By.cssSelector: [data-automation-id=Code]])
18:01:14.129 INFO - Done: [find elements: By.cssSelector: [data-automation-id=Code]]
18:01:14.133 INFO - Executing: [is displayed: 2 [[FirefoxDriver: firefox on MAC (92018e30-19b4-e546-b51b-807c71325758)] -> css selector: [data-automation-id=Code]]])
18:01:14.155 INFO - Done: [is displayed: 2 [[FirefoxDriver: firefox on MAC (92018e30-19b4-e546-b51b-807c71325758)] -> css selector: [data-automation-id=Code]]]
18:01:14.662 INFO - Executing: [is displayed: 2 [[FirefoxDriver: firefox on MAC (92018e30-19b4-e546-b51b-807c71325758)] -> css selector: [data-automation-id=Code]]])
18:01:14.686 INFO - Done: [is displayed: 2 [[FirefoxDriver: firefox on MAC (92018e30-19b4-e546-b51b-807c71325758)] -> css selector: [data-automation-id=Code]]]
18:01:15.193 INFO - Executing: [is displayed: 2 [[FirefoxDriver: firefox on MAC (92018e30-19b4-e546-b51b-807c71325758)] -> css selector: [data-automation-id=Code]]])
18:01:15.284 INFO - Done: [is displayed: 2 [[FirefoxDriver: firefox on MAC (92018e30-19b4-e546-b51b-807c71325758)] -> css selector: [data-automation-id=Code]]]
18:01:15.288 INFO - Executing: [delete session: 0f8b569f-52dd-47db-8438-d936a003e420])
[Child 90792] ###!!! ABORT: Aborting on channel error.: file /builds/slave/m-rel-m64-00000000000000000000/build/src/ipc/glue/MessageChannel.cpp, line 2052
[Child 90792] ###!!! ABORT: Aborting on channel error.: file /builds/slave/m-rel-m64-00000000000000000000/build/src/ipc/glue/MessageChannel.cpp, line 2052
18:01:15.403 INFO - Done: [delete session: 0f8b569f-52dd-47db-8438-d936a003e420]
18:01:15.421 INFO - Executing: [new session: Capabilities [{acceptSslCerts=true, marionette=true, name=Code, browserName=firefox, javascriptEnabled=true, platform=ANY}]])
18:01:15.422 INFO - Creating a new session for Capabilities [{acceptSslCerts=true, marionette=true, name=Code, browserName=firefox, javascriptEnabled=true, platform=ANY}]
1476810075444	geckodriver	INFO	Listening on 127.0.0.1:27979
18:01:15.456 INFO - Attempting bi-dialect session, assuming Postel's Law holds true on the remote end
1476810075459	mozprofile::profile	INFO	Using profile path /var/folders/rp/_k6sdwhs1dv_50s0k2x447340000gn/T/rust_mozprofile.NjavTT2hhRT7
1476810075464	geckodriver::marionette	INFO	Starting browser /Applications/Firefox.app/Contents/MacOS/firefox-bin
1476810075466	geckodriver::marionette	INFO	Connecting to Marionette on localhost:60117
[warn] kq_init: detected broken kqueue; not using.: Undefined error: 0
1476810075644	addons.manager	DEBUG	Application has been upgraded
1476810075660	addons.manager	DEBUG	Loaded provider scope for resource://gre/modules/addons/XPIProvider.jsm: ["XPIProvider"]
1476810075662	addons.manager	DEBUG	Loaded provider scope for resource://gre/modules/LightweightThemeManager.jsm: ["LightweightThemeManager"]
1476810075665	addons.manager	DEBUG	Loaded provider scope for resource://gre/modules/addons/GMPProvider.jsm
1476810075667	addons.manager	DEBUG	Loaded provider scope for resource://gre/modules/addons/PluginProvider.jsm
1476810075667	addons.manager	DEBUG	Starting provider: XPIProvider
1476810075668	addons.xpi	DEBUG	startup
1476810075668	addons.xpi	INFO	SystemAddonInstallLocation directory is missing
1476810075669	addons.xpi	INFO	Mapping e10srollout@mozilla.org to /Applications/Firefox.app/Contents/Resources/browser/features/e10srollout@mozilla.org.xpi
1476810075669	addons.xpi	INFO	Mapping firefox@getpocket.com to /Applications/Firefox.app/Contents/Resources/browser/features/firefox@getpocket.com.xpi
1476810075669	addons.xpi	INFO	Mapping webcompat@mozilla.org to /Applications/Firefox.app/Contents/Resources/browser/features/webcompat@mozilla.org.xpi
1476810075670	addons.xpi	INFO	Mapping {972ce4c6-7e08-4474-a285-3208198ce6fd} to /Applications/Firefox.app/Contents/Resources/browser/extensions/{972ce4c6-7e08-4474-a285-3208198ce6fd}.xpi
1476810075670	addons.xpi	DEBUG	checkForChanges
1476810075670	addons.xpi	DEBUG	Loaded add-on state from prefs: {}
1476810075671	addons.xpi	DEBUG	New add-on e10srollout@mozilla.org in app-system-defaults
1476810075671	addons.xpi	DEBUG	getModTime: Recursive scan of e10srollout@mozilla.org
1476810075672	addons.xpi	DEBUG	New add-on firefox@getpocket.com in app-system-defaults
1476810075672	addons.xpi	DEBUG	getModTime: Recursive scan of firefox@getpocket.com
1476810075672	addons.xpi	DEBUG	New add-on webcompat@mozilla.org in app-system-defaults
1476810075673	addons.xpi	DEBUG	getModTime: Recursive scan of webcompat@mozilla.org
1476810075673	addons.xpi	DEBUG	New add-on {972ce4c6-7e08-4474-a285-3208198ce6fd} in app-global
1476810075673	addons.xpi	DEBUG	getModTime: Recursive scan of {972ce4c6-7e08-4474-a285-3208198ce6fd}
1476810075674	addons.xpi	DEBUG	getInstallState changed: true, state: {"app-system-defaults":{"e10srollout@mozilla.org":{"d":"/Applications/Firefox.app/Contents/Resources/browser/features/e10srollout@mozilla.org.xpi","st":1474577603000},"firefox@getpocket.com":{"d":"/Applications/Firefox.app/Contents/Resources/browser/features/firefox@getpocket.com.xpi","st":1474577603000},"webcompat@mozilla.org":{"d":"/Applications/Firefox.app/Contents/Resources/browser/features/webcompat@mozilla.org.xpi","st":1474577603000}},"app-global":{"{972ce4c6-7e08-4474-a285-3208198ce6fd}":{"d":"/Applications/Firefox.app/Contents/Resources/browser/extensions/{972ce4c6-7e08-4474-a285-3208198ce6fd}.xpi","st":1474577603000}}}
1476810075680	addons.xpi-utils	DEBUG	Opening XPI database /var/folders/rp/_k6sdwhs1dv_50s0k2x447340000gn/T/rust_mozprofile.NjavTT2hhRT7/extensions.json
1476810075681	addons.xpi-utils	DEBUG	New add-on e10srollout@mozilla.org installed in app-system-defaults
*** Blocklist::_loadBlocklistFromFile: blocklist is disabled
1476810075688	DeferredSave.extensions.json	DEBUG	Save changes
1476810075689	addons.xpi-utils	DEBUG	New add-on firefox@getpocket.com installed in app-system-defaults
1476810075691	DeferredSave.extensions.json	DEBUG	Starting timer
1476810075692	DeferredSave.extensions.json	DEBUG	Save changes
1476810075692	addons.xpi-utils	DEBUG	New add-on webcompat@mozilla.org installed in app-system-defaults
1476810075695	DeferredSave.extensions.json	DEBUG	Save changes
1476810075696	addons.xpi-utils	DEBUG	New add-on {972ce4c6-7e08-4474-a285-3208198ce6fd} installed in app-global
1476810075699	DeferredSave.extensions.json	DEBUG	Save changes
1476810075704	addons.xpi	DEBUG	Loading bootstrap scope from /Applications/Firefox.app/Contents/Resources/browser/features/e10srollout@mozilla.org.xpi
1476810075714	addons.xpi	DEBUG	Calling bootstrap method install on e10srollout@mozilla.org version 1.2
1476810075715	addons.xpi-utils	DEBUG	Make addon app-system-defaults:e10srollout@mozilla.org visible
1476810075715	DeferredSave.extensions.json	DEBUG	Save changes
1476810075715	addons.xpi	DEBUG	Loading bootstrap scope from /Applications/Firefox.app/Contents/Resources/browser/features/firefox@getpocket.com.xpi
1476810075718	addons.xpi	DEBUG	Calling bootstrap method install on firefox@getpocket.com version 1.0.4
1476810075718	addons.xpi-utils	DEBUG	Make addon app-system-defaults:firefox@getpocket.com visible
1476810075718	DeferredSave.extensions.json	DEBUG	Save changes
1476810075719	addons.xpi	DEBUG	Loading bootstrap scope from /Applications/Firefox.app/Contents/Resources/browser/features/webcompat@mozilla.org.xpi
1476810075720	addons.xpi	DEBUG	Calling bootstrap method install on webcompat@mozilla.org version 1.0
1476810075720	addons.xpi-utils	DEBUG	Make addon app-system-defaults:webcompat@mozilla.org visible
1476810075720	DeferredSave.extensions.json	DEBUG	Save changes
1476810075720	addons.xpi-utils	DEBUG	Make addon app-global:{972ce4c6-7e08-4474-a285-3208198ce6fd} visible
1476810075721	DeferredSave.extensions.json	DEBUG	Save changes
1476810075721	addons.xpi	DEBUG	Updating XPIState for {"id":"e10srollout@mozilla.org","syncGUID":"BjMrCxWJJr_r","location":"app-system-defaults","version":"1.2","type":"extension","internalName":null,"updateURL":null,"updateKey":null,"optionsURL":null,"optionsType":null,"aboutURL":null,"icons":{},"iconURL":null,"icon64URL":null,"defaultLocale":{"name":"Multi-process staged rollout","description":"Staged rollout of Firefox multi-process feature.","creator":null,"homepageURL":null},"visible":true,"active":true,"userDisabled":false,"appDisabled":false,"descriptor":"/Applications/Firefox.app/Contents/Resources/browser/features/e10srollout@mozilla.org.xpi","installDate":1474577603000,"updateDate":1474577603000,"applyBackgroundUpdates":1,"bootstrap":true,"skinnable":false,"size":5716,"sourceURI":null,"releaseNotesURI":null,"softDisabled":false,"foreignInstall":false,"hasBinaryComponents":false,"strictCompatibility":false,"locales":[],"targetApplications":[{"id":"{ec8030f7-c20a-464f-9b0e-13a3a9e97384}","minVersion":"49.0.1","maxVersion":"49.*"}],"targetPlatforms":[],"multiprocessCompatible":false,"seen":true}
1476810075721	addons.xpi	DEBUG	getModTime: Recursive scan of e10srollout@mozilla.org
1476810075722	addons.xpi	DEBUG	Updating XPIState for {"id":"firefox@getpocket.com","syncGUID":"zpyEydGLgI5n","location":"app-system-defaults","version":"1.0.4","type":"extension","internalName":null,"updateURL":null,"updateKey":null,"optionsURL":null,"optionsType":null,"aboutURL":null,"icons":{},"iconURL":null,"icon64URL":null,"defaultLocale":{"name":"Pocket","description":"When you find something you want to view later, put it in Pocket.","creator":null,"homepageURL":null},"visible":true,"active":true,"userDisabled":false,"appDisabled":false,"descriptor":"/Applications/Firefox.app/Contents/Resources/browser/features/firefox@getpocket.com.xpi","installDate":1474577603000,"updateDate":1474577603000,"applyBackgroundUpdates":1,"bootstrap":true,"skinnable":false,"size":895234,"sourceURI":null,"releaseNotesURI":null,"softDisabled":false,"foreignInstall":false,"hasBinaryComponents":false,"strictCompatibility":false,"locales":[],"targetApplications":[{"id":"{ec8030f7-c20a-464f-9b0e-13a3a9e97384}","minVersion":"49.0.1","maxVersion":"49.*"}],"targetPlatforms":[],"multiprocessCompatible":false,"seen":true}
1476810075722	addons.xpi	DEBUG	getModTime: Recursive scan of firefox@getpocket.com
1476810075722	addons.xpi	DEBUG	Updating XPIState for {"id":"webcompat@mozilla.org","syncGUID":"iBOvQ2dJBLgd","location":"app-system-defaults","version":"1.0","type":"extension","internalName":null,"updateURL":null,"updateKey":null,"optionsURL":null,"optionsType":null,"aboutURL":null,"icons":{},"iconURL":null,"icon64URL":null,"defaultLocale":{"name":"Web Compat","description":"Urgent post-release fixes for web compatibility.","creator":null,"homepageURL":null},"visible":true,"active":true,"userDisabled":false,"appDisabled":false,"descriptor":"/Applications/Firefox.app/Contents/Resources/browser/features/webcompat@mozilla.org.xpi","installDate":1474577603000,"updateDate":1474577603000,"applyBackgroundUpdates":1,"bootstrap":true,"skinnable":false,"size":1502,"sourceURI":null,"releaseNotesURI":null,"softDisabled":false,"foreignInstall":false,"hasBinaryComponents":false,"strictCompatibility":false,"locales":[],"targetApplications":[{"id":"{ec8030f7-c20a-464f-9b0e-13a3a9e97384}","minVersion":"49.0.1","maxVersion":"49.*"}],"targetPlatforms":[],"multiprocessCompatible":false,"seen":true}
1476810075722	addons.xpi	DEBUG	getModTime: Recursive scan of webcompat@mozilla.org
1476810075723	addons.xpi	DEBUG	Updating XPIState for {"id":"{972ce4c6-7e08-4474-a285-3208198ce6fd}","syncGUID":"JtkFAemXIx3f","location":"app-global","version":"49.0.1","type":"theme","internalName":"classic/1.0","updateURL":null,"updateKey":null,"optionsURL":null,"optionsType":null,"aboutURL":null,"icons":{"32":"icon.png","48":"icon.png"},"iconURL":null,"icon64URL":null,"defaultLocale":{"name":"Default","description":"The default theme.","creator":"Mozilla","homepageURL":null,"contributors":["Mozilla Contributors"]},"visible":true,"active":true,"userDisabled":false,"appDisabled":false,"descriptor":"/Applications/Firefox.app/Contents/Resources/browser/extensions/{972ce4c6-7e08-4474-a285-3208198ce6fd}.xpi","installDate":1474577603000,"updateDate":1474577603000,"applyBackgroundUpdates":1,"skinnable":true,"size":7140,"sourceURI":null,"releaseNotesURI":null,"softDisabled":false,"foreignInstall":false,"hasBinaryComponents":false,"strictCompatibility":true,"locales":[],"targetApplications":[{"id":"{ec8030f7-c20a-464f-9b0e-13a3a9e97384}","minVersion":"49.0.1","maxVersion":"49.0.1"}],"targetPlatforms":[],"seen":true}
1476810075723	addons.xpi	DEBUG	getModTime: Recursive scan of {972ce4c6-7e08-4474-a285-3208198ce6fd}
1476810075723	DeferredSave.extensions.json	DEBUG	Save changes
1476810075723	addons.xpi	DEBUG	Updating database with changes to installed add-ons
1476810075723	addons.xpi-utils	DEBUG	Updating add-on states
1476810075724	addons.xpi-utils	DEBUG	Writing add-ons list
1476810075725	addons.xpi	DEBUG	Registering manifest for /Applications/Firefox.app/Contents/Resources/browser/features/e10srollout@mozilla.org.xpi
1476810075725	addons.xpi	DEBUG	Calling bootstrap method startup on e10srollout@mozilla.org version 1.2
1476810075725	addons.xpi	DEBUG	Registering manifest for /Applications/Firefox.app/Contents/Resources/browser/features/firefox@getpocket.com.xpi
1476810075725	addons.xpi	DEBUG	Calling bootstrap method startup on firefox@getpocket.com version 1.0.4
1476810075726	addons.xpi	DEBUG	Registering manifest for /Applications/Firefox.app/Contents/Resources/browser/features/webcompat@mozilla.org.xpi
1476810075726	addons.xpi	DEBUG	Calling bootstrap method startup on webcompat@mozilla.org version 1.0
1476810075728	addons.manager	DEBUG	Registering shutdown blocker for XPIProvider
1476810075728	addons.manager	DEBUG	Provider finished startup: XPIProvider
1476810075728	addons.manager	DEBUG	Starting provider: LightweightThemeManager
1476810075728	addons.manager	DEBUG	Registering shutdown blocker for LightweightThemeManager
1476810075728	addons.manager	DEBUG	Provider finished startup: LightweightThemeManager
1476810075728	addons.manager	DEBUG	Starting provider: GMPProvider
1476810075733	addons.manager	DEBUG	Registering shutdown blocker for GMPProvider
1476810075733	addons.manager	DEBUG	Provider finished startup: GMPProvider
1476810075734	addons.manager	DEBUG	Starting provider: PluginProvider
1476810075734	addons.manager	DEBUG	Registering shutdown blocker for PluginProvider
1476810075734	addons.manager	DEBUG	Provider finished startup: PluginProvider
1476810075734	addons.manager	DEBUG	Completed startup sequence
1476810075844	Marionette	INFO	Listening on port 60117
1476810075982	addons.manager	DEBUG	Starting provider: <unnamed-provider>
1476810075982	addons.manager	DEBUG	Registering shutdown blocker for <unnamed-provider>
1476810075982	addons.manager	DEBUG	Provider finished startup: <unnamed-provider>
1476810075998	addons.manager	DEBUG	Starting provider: PreviousExperimentProvider
1476810075998	addons.manager	DEBUG	Registering shutdown blocker for PreviousExperimentProvider
1476810075998	addons.manager	DEBUG	Provider finished startup: PreviousExperimentProvider
1476810076000	DeferredSave.extensions.json	DEBUG	Starting write
1476810076084	DeferredSave.extensions.json	DEBUG	Write succeeded
1476810076084	addons.xpi-utils	DEBUG	XPI Database saved, setting schema version preference to 17
1476810076722	Marionette	INFO	startBrowser 491aace5-cf16-5840-9998-89afa669d096
18:01:16.830 INFO - Detected dialect: W3C
18:01:16.831 INFO - Done: [new session: Capabilities [{acceptSslCerts=true, marionette=true, name=Code, firefoxOptions=org.openqa.selenium.firefox.FirefoxOptions@3755a3dc, browserName=firefox, javascriptEnabled=true, moz:firefoxOptions=org.openqa.selenium.firefox.FirefoxOptions@3755a3dc, platform=ANY}]]
18:01:16.837 INFO - Executing: [get: http://localhost:6060/code])
[warn] kq_init: detected broken kqueue; not using.: Undefined error: 0
18:01:18.844 INFO - Done: [get: http://localhost:6060/code]
18:01:19.850 INFO - Executing: [find elements: By.cssSelector: [data-automation-id=Code]])
18:01:19.858 INFO - Done: [find elements: By.cssSelector: [data-automation-id=Code]]
18:01:19.861 INFO - Executing: [get title])
18:01:19.866 INFO - Done: [get title]
18:01:19.869 INFO - Executing: [delete session: d31076a5-0bb6-46c8-8283-4af191fc8664])
[Child 90811] ###!!! ABORT: Aborting on channel error.: file /builds/slave/m-rel-m64-00000000000000000000/build/src/ipc/glue/MessageChannel.cpp, line 2052
[Child 90811] ###!!! ABORT: Aborting on channel error.: file /builds/slave/m-rel-m64-00000000000000000000/build/src/ipc/glue/MessageChannel.cpp, line 2052
18:01:19.992 INFO - Done: [delete session: d31076a5-0bb6-46c8-8283-4af191fc8664]
18:01:19.999 INFO - Executing: [new session: Capabilities [{acceptSslCerts=true, marionette=true, name=Code, browserName=firefox, javascriptEnabled=true, platform=ANY}]])
18:01:20.000 INFO - Creating a new session for Capabilities [{acceptSslCerts=true, marionette=true, name=Code, browserName=firefox, javascriptEnabled=true, platform=ANY}]
1476810080020	geckodriver	INFO	Listening on 127.0.0.1:10867
18:01:20.030 INFO - Attempting bi-dialect session, assuming Postel's Law holds true on the remote end
1476810080032	mozprofile::profile	INFO	Using profile path /var/folders/rp/_k6sdwhs1dv_50s0k2x447340000gn/T/rust_mozprofile.f5wDxbxIATy1
1476810080036	geckodriver::marionette	INFO	Starting browser /Applications/Firefox.app/Contents/MacOS/firefox-bin
1476810080038	geckodriver::marionette	INFO	Connecting to Marionette on localhost:60229
[warn] kq_init: detected broken kqueue; not using.: Undefined error: 0
1476810080206	addons.manager	DEBUG	Application has been upgraded
1476810080221	addons.manager	DEBUG	Loaded provider scope for resource://gre/modules/addons/XPIProvider.jsm: ["XPIProvider"]
1476810080223	addons.manager	DEBUG	Loaded provider scope for resource://gre/modules/LightweightThemeManager.jsm: ["LightweightThemeManager"]
1476810080226	addons.manager	DEBUG	Loaded provider scope for resource://gre/modules/addons/GMPProvider.jsm
1476810080227	addons.manager	DEBUG	Loaded provider scope for resource://gre/modules/addons/PluginProvider.jsm
1476810080228	addons.manager	DEBUG	Starting provider: XPIProvider
1476810080228	addons.xpi	DEBUG	startup
1476810080229	addons.xpi	INFO	SystemAddonInstallLocation directory is missing
1476810080229	addons.xpi	INFO	Mapping e10srollout@mozilla.org to /Applications/Firefox.app/Contents/Resources/browser/features/e10srollout@mozilla.org.xpi
1476810080229	addons.xpi	INFO	Mapping firefox@getpocket.com to /Applications/Firefox.app/Contents/Resources/browser/features/firefox@getpocket.com.xpi
1476810080230	addons.xpi	INFO	Mapping webcompat@mozilla.org to /Applications/Firefox.app/Contents/Resources/browser/features/webcompat@mozilla.org.xpi
1476810080230	addons.xpi	INFO	Mapping {972ce4c6-7e08-4474-a285-3208198ce6fd} to /Applications/Firefox.app/Contents/Resources/browser/extensions/{972ce4c6-7e08-4474-a285-3208198ce6fd}.xpi
1476810080231	addons.xpi	DEBUG	checkForChanges
1476810080231	addons.xpi	DEBUG	Loaded add-on state from prefs: {}
1476810080232	addons.xpi	DEBUG	New add-on e10srollout@mozilla.org in app-system-defaults
1476810080232	addons.xpi	DEBUG	getModTime: Recursive scan of e10srollout@mozilla.org
1476810080232	addons.xpi	DEBUG	New add-on firefox@getpocket.com in app-system-defaults
1476810080233	addons.xpi	DEBUG	getModTime: Recursive scan of firefox@getpocket.com
1476810080233	addons.xpi	DEBUG	New add-on webcompat@mozilla.org in app-system-defaults
1476810080233	addons.xpi	DEBUG	getModTime: Recursive scan of webcompat@mozilla.org
1476810080234	addons.xpi	DEBUG	New add-on {972ce4c6-7e08-4474-a285-3208198ce6fd} in app-global
1476810080234	addons.xpi	DEBUG	getModTime: Recursive scan of {972ce4c6-7e08-4474-a285-3208198ce6fd}
1476810080234	addons.xpi	DEBUG	getInstallState changed: true, state: {"app-system-defaults":{"e10srollout@mozilla.org":{"d":"/Applications/Firefox.app/Contents/Resources/browser/features/e10srollout@mozilla.org.xpi","st":1474577603000},"firefox@getpocket.com":{"d":"/Applications/Firefox.app/Contents/Resources/browser/features/firefox@getpocket.com.xpi","st":1474577603000},"webcompat@mozilla.org":{"d":"/Applications/Firefox.app/Contents/Resources/browser/features/webcompat@mozilla.org.xpi","st":1474577603000}},"app-global":{"{972ce4c6-7e08-4474-a285-3208198ce6fd}":{"d":"/Applications/Firefox.app/Contents/Resources/browser/extensions/{972ce4c6-7e08-4474-a285-3208198ce6fd}.xpi","st":1474577603000}}}
1476810080241	addons.xpi-utils	DEBUG	Opening XPI database /var/folders/rp/_k6sdwhs1dv_50s0k2x447340000gn/T/rust_mozprofile.f5wDxbxIATy1/extensions.json
1476810080241	addons.xpi-utils	DEBUG	New add-on e10srollout@mozilla.org installed in app-system-defaults
*** Blocklist::_loadBlocklistFromFile: blocklist is disabled
1476810080248	DeferredSave.extensions.json	DEBUG	Save changes
1476810080249	addons.xpi-utils	DEBUG	New add-on firefox@getpocket.com installed in app-system-defaults
1476810080251	DeferredSave.extensions.json	DEBUG	Starting timer
1476810080252	DeferredSave.extensions.json	DEBUG	Save changes
1476810080252	addons.xpi-utils	DEBUG	New add-on webcompat@mozilla.org installed in app-system-defaults
1476810080255	DeferredSave.extensions.json	DEBUG	Save changes
1476810080256	addons.xpi-utils	DEBUG	New add-on {972ce4c6-7e08-4474-a285-3208198ce6fd} installed in app-global
1476810080259	DeferredSave.extensions.json	DEBUG	Save changes
1476810080265	addons.xpi	DEBUG	Loading bootstrap scope from /Applications/Firefox.app/Contents/Resources/browser/features/e10srollout@mozilla.org.xpi
1476810080273	addons.xpi	DEBUG	Calling bootstrap method install on e10srollout@mozilla.org version 1.2
1476810080274	addons.xpi-utils	DEBUG	Make addon app-system-defaults:e10srollout@mozilla.org visible
1476810080274	DeferredSave.extensions.json	DEBUG	Save changes
1476810080274	addons.xpi	DEBUG	Loading bootstrap scope from /Applications/Firefox.app/Contents/Resources/browser/features/firefox@getpocket.com.xpi
1476810080277	addons.xpi	DEBUG	Calling bootstrap method install on firefox@getpocket.com version 1.0.4
1476810080277	addons.xpi-utils	DEBUG	Make addon app-system-defaults:firefox@getpocket.com visible
1476810080277	DeferredSave.extensions.json	DEBUG	Save changes
1476810080278	addons.xpi	DEBUG	Loading bootstrap scope from /Applications/Firefox.app/Contents/Resources/browser/features/webcompat@mozilla.org.xpi
1476810080279	addons.xpi	DEBUG	Calling bootstrap method install on webcompat@mozilla.org version 1.0
1476810080279	addons.xpi-utils	DEBUG	Make addon app-system-defaults:webcompat@mozilla.org visible
1476810080280	DeferredSave.extensions.json	DEBUG	Save changes
1476810080280	addons.xpi-utils	DEBUG	Make addon app-global:{972ce4c6-7e08-4474-a285-3208198ce6fd} visible
1476810080280	DeferredSave.extensions.json	DEBUG	Save changes
1476810080280	addons.xpi	DEBUG	Updating XPIState for {"id":"e10srollout@mozilla.org","syncGUID":"mPeYVSjHjK0T","location":"app-system-defaults","version":"1.2","type":"extension","internalName":null,"updateURL":null,"updateKey":null,"optionsURL":null,"optionsType":null,"aboutURL":null,"icons":{},"iconURL":null,"icon64URL":null,"defaultLocale":{"name":"Multi-process staged rollout","description":"Staged rollout of Firefox multi-process feature.","creator":null,"homepageURL":null},"visible":true,"active":true,"userDisabled":false,"appDisabled":false,"descriptor":"/Applications/Firefox.app/Contents/Resources/browser/features/e10srollout@mozilla.org.xpi","installDate":1474577603000,"updateDate":1474577603000,"applyBackgroundUpdates":1,"bootstrap":true,"skinnable":false,"size":5716,"sourceURI":null,"releaseNotesURI":null,"softDisabled":false,"foreignInstall":false,"hasBinaryComponents":false,"strictCompatibility":false,"locales":[],"targetApplications":[{"id":"{ec8030f7-c20a-464f-9b0e-13a3a9e97384}","minVersion":"49.0.1","maxVersion":"49.*"}],"targetPlatforms":[],"multiprocessCompatible":false,"seen":true}
1476810080281	addons.xpi	DEBUG	getModTime: Recursive scan of e10srollout@mozilla.org
1476810080281	addons.xpi	DEBUG	Updating XPIState for {"id":"firefox@getpocket.com","syncGUID":"aufrGXrxJM6M","location":"app-system-defaults","version":"1.0.4","type":"extension","internalName":null,"updateURL":null,"updateKey":null,"optionsURL":null,"optionsType":null,"aboutURL":null,"icons":{},"iconURL":null,"icon64URL":null,"defaultLocale":{"name":"Pocket","description":"When you find something you want to view later, put it in Pocket.","creator":null,"homepageURL":null},"visible":true,"active":true,"userDisabled":false,"appDisabled":false,"descriptor":"/Applications/Firefox.app/Contents/Resources/browser/features/firefox@getpocket.com.xpi","installDate":1474577603000,"updateDate":1474577603000,"applyBackgroundUpdates":1,"bootstrap":true,"skinnable":false,"size":895234,"sourceURI":null,"releaseNotesURI":null,"softDisabled":false,"foreignInstall":false,"hasBinaryComponents":false,"strictCompatibility":false,"locales":[],"targetApplications":[{"id":"{ec8030f7-c20a-464f-9b0e-13a3a9e97384}","minVersion":"49.0.1","maxVersion":"49.*"}],"targetPlatforms":[],"multiprocessCompatible":false,"seen":true}
1476810080281	addons.xpi	DEBUG	getModTime: Recursive scan of firefox@getpocket.com
1476810080282	addons.xpi	DEBUG	Updating XPIState for {"id":"webcompat@mozilla.org","syncGUID":"P8fvDkYzbpVo","location":"app-system-defaults","version":"1.0","type":"extension","internalName":null,"updateURL":null,"updateKey":null,"optionsURL":null,"optionsType":null,"aboutURL":null,"icons":{},"iconURL":null,"icon64URL":null,"defaultLocale":{"name":"Web Compat","description":"Urgent post-release fixes for web compatibility.","creator":null,"homepageURL":null},"visible":true,"active":true,"userDisabled":false,"appDisabled":false,"descriptor":"/Applications/Firefox.app/Contents/Resources/browser/features/webcompat@mozilla.org.xpi","installDate":1474577603000,"updateDate":1474577603000,"applyBackgroundUpdates":1,"bootstrap":true,"skinnable":false,"size":1502,"sourceURI":null,"releaseNotesURI":null,"softDisabled":false,"foreignInstall":false,"hasBinaryComponents":false,"strictCompatibility":false,"locales":[],"targetApplications":[{"id":"{ec8030f7-c20a-464f-9b0e-13a3a9e97384}","minVersion":"49.0.1","maxVersion":"49.*"}],"targetPlatforms":[],"multiprocessCompatible":false,"seen":true}
1476810080282	addons.xpi	DEBUG	getModTime: Recursive scan of webcompat@mozilla.org
1476810080282	addons.xpi	DEBUG	Updating XPIState for {"id":"{972ce4c6-7e08-4474-a285-3208198ce6fd}","syncGUID":"MRU9atTpt894","location":"app-global","version":"49.0.1","type":"theme","internalName":"classic/1.0","updateURL":null,"updateKey":null,"optionsURL":null,"optionsType":null,"aboutURL":null,"icons":{"32":"icon.png","48":"icon.png"},"iconURL":null,"icon64URL":null,"defaultLocale":{"name":"Default","description":"The default theme.","creator":"Mozilla","homepageURL":null,"contributors":["Mozilla Contributors"]},"visible":true,"active":true,"userDisabled":false,"appDisabled":false,"descriptor":"/Applications/Firefox.app/Contents/Resources/browser/extensions/{972ce4c6-7e08-4474-a285-3208198ce6fd}.xpi","installDate":1474577603000,"updateDate":1474577603000,"applyBackgroundUpdates":1,"skinnable":true,"size":7140,"sourceURI":null,"releaseNotesURI":null,"softDisabled":false,"foreignInstall":false,"hasBinaryComponents":false,"strictCompatibility":true,"locales":[],"targetApplications":[{"id":"{ec8030f7-c20a-464f-9b0e-13a3a9e97384}","minVersion":"49.0.1","maxVersion":"49.0.1"}],"targetPlatforms":[],"seen":true}
1476810080282	addons.xpi	DEBUG	getModTime: Recursive scan of {972ce4c6-7e08-4474-a285-3208198ce6fd}
1476810080283	DeferredSave.extensions.json	DEBUG	Save changes
1476810080283	addons.xpi	DEBUG	Updating database with changes to installed add-ons
1476810080283	addons.xpi-utils	DEBUG	Updating add-on states
1476810080283	addons.xpi-utils	DEBUG	Writing add-ons list
1476810080284	addons.xpi	DEBUG	Registering manifest for /Applications/Firefox.app/Contents/Resources/browser/features/e10srollout@mozilla.org.xpi
1476810080284	addons.xpi	DEBUG	Calling bootstrap method startup on e10srollout@mozilla.org version 1.2
1476810080285	addons.xpi	DEBUG	Registering manifest for /Applications/Firefox.app/Contents/Resources/browser/features/firefox@getpocket.com.xpi
1476810080285	addons.xpi	DEBUG	Calling bootstrap method startup on firefox@getpocket.com version 1.0.4
1476810080285	addons.xpi	DEBUG	Registering manifest for /Applications/Firefox.app/Contents/Resources/browser/features/webcompat@mozilla.org.xpi
1476810080286	addons.xpi	DEBUG	Calling bootstrap method startup on webcompat@mozilla.org version 1.0
1476810080287	addons.manager	DEBUG	Registering shutdown blocker for XPIProvider
1476810080287	addons.manager	DEBUG	Provider finished startup: XPIProvider
1476810080287	addons.manager	DEBUG	Starting provider: LightweightThemeManager
1476810080288	addons.manager	DEBUG	Registering shutdown blocker for LightweightThemeManager
1476810080288	addons.manager	DEBUG	Provider finished startup: LightweightThemeManager
1476810080288	addons.manager	DEBUG	Starting provider: GMPProvider
1476810080293	addons.manager	DEBUG	Registering shutdown blocker for GMPProvider
1476810080294	addons.manager	DEBUG	Provider finished startup: GMPProvider
1476810080294	addons.manager	DEBUG	Starting provider: PluginProvider
1476810080294	addons.manager	DEBUG	Registering shutdown blocker for PluginProvider
1476810080294	addons.manager	DEBUG	Provider finished startup: PluginProvider
1476810080294	addons.manager	DEBUG	Completed startup sequence
1476810080401	Marionette	INFO	Listening on port 60229
1476810080539	addons.manager	DEBUG	Starting provider: <unnamed-provider>
1476810080539	addons.manager	DEBUG	Registering shutdown blocker for <unnamed-provider>
1476810080540	addons.manager	DEBUG	Provider finished startup: <unnamed-provider>
1476810080555	addons.manager	DEBUG	Starting provider: PreviousExperimentProvider
1476810080555	addons.manager	DEBUG	Registering shutdown blocker for PreviousExperimentProvider
1476810080555	addons.manager	DEBUG	Provider finished startup: PreviousExperimentProvider
1476810080558	DeferredSave.extensions.json	DEBUG	Starting write
1476810080641	DeferredSave.extensions.json	DEBUG	Write succeeded
1476810080642	addons.xpi-utils	DEBUG	XPI Database saved, setting schema version preference to 17
1476810081298	Marionette	INFO	startBrowser 9ddc69bd-beb1-394f-9fd4-c2db5366c0ea
18:01:21.423 INFO - Detected dialect: W3C
18:01:21.425 INFO - Done: [new session: Capabilities [{acceptSslCerts=true, marionette=true, name=Code, firefoxOptions=org.openqa.selenium.firefox.FirefoxOptions@7a15d87, browserName=firefox, javascriptEnabled=true, moz:firefoxOptions=org.openqa.selenium.firefox.FirefoxOptions@7a15d87, platform=ANY}]]
18:01:21.430 INFO - Executing: [get: http://localhost:6060/code])
[warn] kq_init: detected broken kqueue; not using.: Undefined error: 0
18:01:23.450 INFO - Done: [get: http://localhost:6060/code]
18:01:24.460 INFO - Executing: [find elements: By.cssSelector: [data-automation-id=Code]])
18:01:24.469 INFO - Done: [find elements: By.cssSelector: [data-automation-id=Code]]
18:01:24.472 INFO - Executing: [find element: By.cssSelector: [data-automation-id=BlogLink]])
18:01:24.478 INFO - Done: [find element: By.cssSelector: [data-automation-id=BlogLink]]
18:01:24.481 INFO - Executing: [click: 1 [[FirefoxDriver: firefox on MAC (9ddc69bd-beb1-394f-9fd4-c2db5366c0ea)] -> css selector: [data-automation-id=BlogLink]]])
18:01:24.679 INFO - Done: [click: 1 [[FirefoxDriver: firefox on MAC (9ddc69bd-beb1-394f-9fd4-c2db5366c0ea)] -> css selector: [data-automation-id=BlogLink]]]
18:01:24.683 INFO - Executing: [get current url])
18:01:24.692 INFO - Done: [get current url]
18:01:24.695 INFO - Executing: [get title])
18:01:24.699 INFO - Done: [get title]
18:01:24.704 INFO - Executing: [find elements: By.cssSelector: [data-automation-id=Page]])
18:01:25.156 INFO - Done: [find elements: By.cssSelector: [data-automation-id=Page]]
18:01:25.160 INFO - Executing: [is displayed: 2 [[FirefoxDriver: firefox on MAC (9ddc69bd-beb1-394f-9fd4-c2db5366c0ea)] -> css selector: [data-automation-id=Page]]])
18:01:25.228 INFO - Done: [is displayed: 2 [[FirefoxDriver: firefox on MAC (9ddc69bd-beb1-394f-9fd4-c2db5366c0ea)] -> css selector: [data-automation-id=Page]]]
18:01:25.234 INFO - Executing: [delete session: 55576b1e-1090-45fb-9b28-085fb753681b])
[Child 90814] ###!!! ABORT: Aborting on channel error.: file /builds/slave/m-rel-m64-00000000000000000000/build/src/ipc/glue/MessageChannel.cpp, line 2052
[Child 90814] ###!!! ABORT: Aborting on channel error.: file /builds/slave/m-rel-m64-00000000000000000000/build/src/ipc/glue/MessageChannel.cpp, line 2052
18:01:25.357 INFO - Done: [delete session: 55576b1e-1090-45fb-9b28-085fb753681b]
